The system is: Linux - 5.8.0-41-generic - x86_64
Compiling the C compiler identification source file "CMakeCCompilerId.c" succeeded.
Compiler: /usr/bin/cc 
Build flags: -g;-O2;-fdebug-prefix-map=/home/kylin/ukui/ukui-dock/latte-dock-0.9.11=.;-fstack-protector-strong;-Wformat;-Werror=format-security;-Wdate-time;-D_FORTIFY_SOURCE=2
Id flags:  

The output was:
0


Compilation of the C compiler identification source "CMakeCCompilerId.c" produced "a.out"

The C compiler identification is GNU, found in "/home/kylin/ukui/ukui-dock/latte-dock-0.9.11/obj-x86_64-linux-gnu/CMakeFiles/3.16.3/CompilerIdC/a.out"

Compiling the CXX compiler identification source file "CMakeCXXCompilerId.cpp" succeeded.
Compiler: /usr/bin/c++ 
Build flags: -g;-O2;-fdebug-prefix-map=/home/kylin/ukui/ukui-dock/latte-dock-0.9.11=.;-fstack-protector-strong;-Wformat;-Werror=format-security;-Wdate-time;-D_FORTIFY_SOURCE=2
Id flags:  

The output was:
0


Compilation of the CXX compiler identification source "CMakeCXXCompilerId.cpp" produced "a.out"

The CXX compiler identification is GNU, found in "/home/kylin/ukui/ukui-dock/latte-dock-0.9.11/obj-x86_64-linux-gnu/CMakeFiles/3.16.3/CompilerIdCXX/a.out"

Determining if the C compiler works passed with the following output:
Change Dir: /home/kylin/ukui/ukui-dock/latte-dock-0.9.11/obj-x86_64-linux-gnu/CMakeFiles/CMakeTmp

Run Build Command(s):/usr/bin/gmake cmTC_09f18/fast && gmake[1]: 进入目录“/home/kylin/ukui/ukui-dock/latte-dock-0.9.11/obj-x86_64-linux-gnu/CMakeFiles/CMakeTmp”
/usr/bin/gmake -f CMakeFiles/cmTC_09f18.dir/build.make CMakeFiles/cmTC_09f18.dir/build
gmake[2]: 进入目录“/home/kylin/ukui/ukui-dock/latte-dock-0.9.11/obj-x86_64-linux-gnu/CMakeFiles/CMakeTmp”
Building C object CMakeFiles/cmTC_09f18.dir/testCCompiler.c.o
/usr/bin/cc   -g -O2 -fdebug-prefix-map=/home/kylin/ukui/ukui-dock/latte-dock-0.9.11=. -fstack-protector-strong -Wformat -Werror=format-security -Wdate-time -D_FORTIFY_SOURCE=2    -o CMakeFiles/cmTC_09f18.dir/testCCompiler.c.o   -c /home/kylin/ukui/ukui-dock/latte-dock-0.9.11/obj-x86_64-linux-gnu/CMakeFiles/CMakeTmp/testCCompiler.c
Linking C executable cmTC_09f18
/usr/bin/cmake -E cmake_link_script CMakeFiles/cmTC_09f18.dir/link.txt --verbose=1
/usr/bin/cc -g -O2 -fdebug-prefix-map=/home/kylin/ukui/ukui-dock/latte-dock-0.9.11=. -fstack-protector-strong -Wformat -Werror=format-security -Wdate-time -D_FORTIFY_SOURCE=2   -Wl,-Bsymbolic-functions -Wl,-z,relro -Wl,-z,now  -rdynamic CMakeFiles/cmTC_09f18.dir/testCCompiler.c.o  -o cmTC_09f18 
gmake[2]: 离开目录“/home/kylin/ukui/ukui-dock/latte-dock-0.9.11/obj-x86_64-linux-gnu/CMakeFiles/CMakeTmp”
gmake[1]: 离开目录“/home/kylin/ukui/ukui-dock/latte-dock-0.9.11/obj-x86_64-linux-gnu/CMakeFiles/CMakeTmp”



Detecting C compiler ABI info compiled with the following output:
Change Dir: /home/kylin/ukui/ukui-dock/latte-dock-0.9.11/obj-x86_64-linux-gnu/CMakeFiles/CMakeTmp

Run Build Command(s):/usr/bin/gmake cmTC_a2383/fast && gmake[1]: Entering directory '/home/kylin/ukui/ukui-dock/latte-dock-0.9.11/obj-x86_64-linux-gnu/CMakeFiles/CMakeTmp'
/usr/bin/gmake -f CMakeFiles/cmTC_a2383.dir/build.make CMakeFiles/cmTC_a2383.dir/build
gmake[2]: Entering directory '/home/kylin/ukui/ukui-dock/latte-dock-0.9.11/obj-x86_64-linux-gnu/CMakeFiles/CMakeTmp'
Building C object CMakeFiles/cmTC_a2383.dir/CMakeCCompilerABI.c.o
/usr/bin/cc   -g -O2 -fdebug-prefix-map=/home/kylin/ukui/ukui-dock/latte-dock-0.9.11=. -fstack-protector-strong -Wformat -Werror=format-security -Wdate-time -D_FORTIFY_SOURCE=2    -v -o CMakeFiles/cmTC_a2383.dir/CMakeCCompilerABI.c.o   -c /usr/share/cmake-3.16/Modules/CMakeCCompilerABI.c
Using built-in specs.
COLLECT_GCC=/usr/bin/cc
OFFLOAD_TARGET_NAMES=nvptx-none:amdgcn-amdhsa:hsa
OFFLOAD_TARGET_DEFAULT=1
Target: x86_64-linux-gnu
Configured with: ../src/configure -v --with-pkgversion='Ubuntu 10.2.0-13ubuntu1' --with-bugurl=file:///usr/share/doc/gcc-10/README.Bugs --enable-languages=c,ada,c++,go,brig,d,fortran,objc,obj-c++,m2 --prefix=/usr --with-gcc-major-version-only --program-suffix=-10 --program-prefix=x86_64-linux-gnu- --enable-shared --enable-linker-build-id --libexecdir=/usr/lib --without-included-gettext --enable-threads=posix --libdir=/usr/lib --enable-nls --enable-clocale=gnu --enable-libstdcxx-debug --enable-libstdcxx-time=yes --with-default-libstdcxx-abi=new --enable-gnu-unique-object --disable-vtable-verify --enable-plugin --enable-default-pie --with-system-zlib --enable-libphobos-checking=release --with-target-system-zlib=auto --enable-objc-gc=auto --enable-multiarch --disable-werror --with-arch-32=i686 --with-abi=m64 --with-multilib-list=m32,m64,mx32 --enable-multilib --with-tune=generic --enable-offload-targets=nvptx-none=/build/gcc-10-JvwpWM/gcc-10-10.2.0/debian/tmp-nvptx/usr,amdgcn-amdhsa=/build/gcc-10-JvwpWM/gcc-10-10.2.0/debian/tmp-gcn/usr,hsa --without-cuda-driver --enable-checking=release --build=x86_64-linux-gnu --host=x86_64-linux-gnu --target=x86_64-linux-gnu
Thread model: posix
Supported LTO compression algorithms: zlib zstd
gcc version 10.2.0 (Ubuntu 10.2.0-13ubuntu1) 
COLLECT_GCC_OPTIONS='-g' '-O2' '-fdebug-prefix-map=/home/kylin/ukui/ukui-dock/latte-dock-0.9.11=.' '-fstack-protector-strong' '-Wformat=1' '-Werror=format-security' '-Wdate-time' '-D' '_FORTIFY_SOURCE=2' '-v' '-o' 'CMakeFiles/cmTC_a2383.dir/CMakeCCompilerABI.c.o' '-c' '-mtune=generic' '-march=x86-64'
 /usr/lib/gcc/x86_64-linux-gnu/10/cc1 -quiet -v -imultiarch x86_64-linux-gnu -D _FORTIFY_SOURCE=2 /usr/share/cmake-3.16/Modules/CMakeCCompilerABI.c -quiet -dumpbase CMakeCCompilerABI.c -mtune=generic -march=x86-64 -auxbase-strip CMakeFiles/cmTC_a2383.dir/CMakeCCompilerABI.c.o -g -O2 -Wformat=1 -Werror=format-security -Wdate-time -version -fdebug-prefix-map=/home/kylin/ukui/ukui-dock/latte-dock-0.9.11=. -fstack-protector-strong -fasynchronous-unwind-tables -fstack-protector-strong -Wformat -Wformat-security -fstack-clash-protection -fcf-protection -o /tmp/cc7LxquU.s
GNU C17 (Ubuntu 10.2.0-13ubuntu1) version 10.2.0 (x86_64-linux-gnu)
	compiled by GNU C version 10.2.0, GMP version 6.2.0, MPFR version 4.1.0, MPC version 1.2.0-rc1, isl version isl-0.22.1-GMP

GGC heuristics: --param ggc-min-expand=100 --param ggc-min-heapsize=131072
ignoring nonexistent directory "/usr/local/include/x86_64-linux-gnu"
ignoring nonexistent directory "/usr/lib/gcc/x86_64-linux-gnu/10/include-fixed"
ignoring nonexistent directory "/usr/lib/gcc/x86_64-linux-gnu/10/../../../../x86_64-linux-gnu/include"
#include "..." search starts here:
#include <...> search starts here:
 /usr/lib/gcc/x86_64-linux-gnu/10/include
 /usr/local/include
 /usr/include/x86_64-linux-gnu
 /usr/include
End of search list.
GNU C17 (Ubuntu 10.2.0-13ubuntu1) version 10.2.0 (x86_64-linux-gnu)
	compiled by GNU C version 10.2.0, GMP version 6.2.0, MPFR version 4.1.0, MPC version 1.2.0-rc1, isl version isl-0.22.1-GMP

GGC heuristics: --param ggc-min-expand=100 --param ggc-min-heapsize=131072
Compiler executable checksum: 4831429547eb0be4fec215fca56ed5cf
COLLECT_GCC_OPTIONS='-g' '-O2' '-fdebug-prefix-map=/home/kylin/ukui/ukui-dock/latte-dock-0.9.11=.' '-fstack-protector-strong' '-Wformat=1' '-Werror=format-security' '-Wdate-time' '-D' '_FORTIFY_SOURCE=2' '-v' '-o' 'CMakeFiles/cmTC_a2383.dir/CMakeCCompilerABI.c.o' '-c' '-mtune=generic' '-march=x86-64'
 as -v --64 -o CMakeFiles/cmTC_a2383.dir/CMakeCCompilerABI.c.o /tmp/cc7LxquU.s
GNU assembler version 2.35.1 (x86_64-linux-gnu) using BFD version (GNU Binutils for Ubuntu) 2.35.1
COMPILER_PATH=/usr/lib/gcc/x86_64-linux-gnu/10/:/usr/lib/gcc/x86_64-linux-gnu/10/:/usr/lib/gcc/x86_64-linux-gnu/:/usr/lib/gcc/x86_64-linux-gnu/10/:/usr/lib/gcc/x86_64-linux-gnu/
LIBRARY_PATH=/usr/lib/gcc/x86_64-linux-gnu/10/:/usr/lib/gcc/x86_64-linux-gnu/10/../../../x86_64-linux-gnu/:/usr/lib/gcc/x86_64-linux-gnu/10/../../../../lib/:/lib/x86_64-linux-gnu/:/lib/../lib/:/usr/lib/x86_64-linux-gnu/:/usr/lib/../lib/:/usr/lib/gcc/x86_64-linux-gnu/10/../../../:/lib/:/usr/lib/
COLLECT_GCC_OPTIONS='-g' '-O2' '-fdebug-prefix-map=/home/kylin/ukui/ukui-dock/latte-dock-0.9.11=.' '-fstack-protector-strong' '-Wformat=1' '-Werror=format-security' '-Wdate-time' '-D' '_FORTIFY_SOURCE=2' '-v' '-o' 'CMakeFiles/cmTC_a2383.dir/CMakeCCompilerABI.c.o' '-c' '-mtune=generic' '-march=x86-64'
Linking C executable cmTC_a2383
/usr/bin/cmake -E cmake_link_script CMakeFiles/cmTC_a2383.dir/link.txt --verbose=1
/usr/bin/cc -g -O2 -fdebug-prefix-map=/home/kylin/ukui/ukui-dock/latte-dock-0.9.11=. -fstack-protector-strong -Wformat -Werror=format-security -Wdate-time -D_FORTIFY_SOURCE=2   -Wl,-Bsymbolic-functions -Wl,-z,relro -Wl,-z,now -v -rdynamic CMakeFiles/cmTC_a2383.dir/CMakeCCompilerABI.c.o  -o cmTC_a2383 
Using built-in specs.
COLLECT_GCC=/usr/bin/cc
COLLECT_LTO_WRAPPER=/usr/lib/gcc/x86_64-linux-gnu/10/lto-wrapper
OFFLOAD_TARGET_NAMES=nvptx-none:amdgcn-amdhsa:hsa
OFFLOAD_TARGET_DEFAULT=1
Target: x86_64-linux-gnu
Configured with: ../src/configure -v --with-pkgversion='Ubuntu 10.2.0-13ubuntu1' --with-bugurl=file:///usr/share/doc/gcc-10/README.Bugs --enable-languages=c,ada,c++,go,brig,d,fortran,objc,obj-c++,m2 --prefix=/usr --with-gcc-major-version-only --program-suffix=-10 --program-prefix=x86_64-linux-gnu- --enable-shared --enable-linker-build-id --libexecdir=/usr/lib --without-included-gettext --enable-threads=posix --libdir=/usr/lib --enable-nls --enable-clocale=gnu --enable-libstdcxx-debug --enable-libstdcxx-time=yes --with-default-libstdcxx-abi=new --enable-gnu-unique-object --disable-vtable-verify --enable-plugin --enable-default-pie --with-system-zlib --enable-libphobos-checking=release --with-target-system-zlib=auto --enable-objc-gc=auto --enable-multiarch --disable-werror --with-arch-32=i686 --with-abi=m64 --with-multilib-list=m32,m64,mx32 --enable-multilib --with-tune=generic --enable-offload-targets=nvptx-none=/build/gcc-10-JvwpWM/gcc-10-10.2.0/debian/tmp-nvptx/usr,amdgcn-amdhsa=/build/gcc-10-JvwpWM/gcc-10-10.2.0/debian/tmp-gcn/usr,hsa --without-cuda-driver --enable-checking=release --build=x86_64-linux-gnu --host=x86_64-linux-gnu --target=x86_64-linux-gnu
Thread model: posix
Supported LTO compression algorithms: zlib zstd
gcc version 10.2.0 (Ubuntu 10.2.0-13ubuntu1) 
COMPILER_PATH=/usr/lib/gcc/x86_64-linux-gnu/10/:/usr/lib/gcc/x86_64-linux-gnu/10/:/usr/lib/gcc/x86_64-linux-gnu/:/usr/lib/gcc/x86_64-linux-gnu/10/:/usr/lib/gcc/x86_64-linux-gnu/
LIBRARY_PATH=/usr/lib/gcc/x86_64-linux-gnu/10/:/usr/lib/gcc/x86_64-linux-gnu/10/../../../x86_64-linux-gnu/:/usr/lib/gcc/x86_64-linux-gnu/10/../../../../lib/:/lib/x86_64-linux-gnu/:/lib/../lib/:/usr/lib/x86_64-linux-gnu/:/usr/lib/../lib/:/usr/lib/gcc/x86_64-linux-gnu/10/../../../:/lib/:/usr/lib/
COLLECT_GCC_OPTIONS='-g' '-O2' '-fdebug-prefix-map=/home/kylin/ukui/ukui-dock/latte-dock-0.9.11=.' '-fstack-protector-strong' '-Wformat=1' '-Werror=format-security' '-Wdate-time' '-D' '_FORTIFY_SOURCE=2' '-v' '-rdynamic' '-o' 'cmTC_a2383' '-mtune=generic' '-march=x86-64'
 /usr/lib/gcc/x86_64-linux-gnu/10/collect2 -plugin /usr/lib/gcc/x86_64-linux-gnu/10/liblto_plugin.so -plugin-opt=/usr/lib/gcc/x86_64-linux-gnu/10/lto-wrapper -plugin-opt=-fresolution=/tmp/ccPZLPrn.res -plugin-opt=-pass-through=-lgcc -plugin-opt=-pass-through=-lgcc_s -plugin-opt=-pass-through=-lc -plugin-opt=-pass-through=-lgcc -plugin-opt=-pass-through=-lgcc_s --build-id --eh-frame-hdr -m elf_x86_64 --hash-style=gnu --as-needed -export-dynamic -dynamic-linker /lib64/ld-linux-x86-64.so.2 -pie -z now -z relro -o cmTC_a2383 /usr/lib/gcc/x86_64-linux-gnu/10/../../../x86_64-linux-gnu/Scrt1.o /usr/lib/gcc/x86_64-linux-gnu/10/../../../x86_64-linux-gnu/crti.o /usr/lib/gcc/x86_64-linux-gnu/10/crtbeginS.o -L/usr/lib/gcc/x86_64-linux-gnu/10 -L/usr/lib/gcc/x86_64-linux-gnu/10/../../../x86_64-linux-gnu -L/usr/lib/gcc/x86_64-linux-gnu/10/../../../../lib -L/lib/x86_64-linux-gnu -L/lib/../lib -L/usr/lib/x86_64-linux-gnu -L/usr/lib/../lib -L/usr/lib/gcc/x86_64-linux-gnu/10/../../.. -Bsymbolic-functions -z relro -z now CMakeFiles/cmTC_a2383.dir/CMakeCCompilerABI.c.o -lgcc --push-state --as-needed -lgcc_s --pop-state -lc -lgcc --push-state --as-needed -lgcc_s --pop-state /usr/lib/gcc/x86_64-linux-gnu/10/crtendS.o /usr/lib/gcc/x86_64-linux-gnu/10/../../../x86_64-linux-gnu/crtn.o
COLLECT_GCC_OPTIONS='-g' '-O2' '-fdebug-prefix-map=/home/kylin/ukui/ukui-dock/latte-dock-0.9.11=.' '-fstack-protector-strong' '-Wformat=1' '-Werror=format-security' '-Wdate-time' '-D' '_FORTIFY_SOURCE=2' '-v' '-rdynamic' '-o' 'cmTC_a2383' '-mtune=generic' '-march=x86-64'
gmake[2]: Leaving directory '/home/kylin/ukui/ukui-dock/latte-dock-0.9.11/obj-x86_64-linux-gnu/CMakeFiles/CMakeTmp'
gmake[1]: Leaving directory '/home/kylin/ukui/ukui-dock/latte-dock-0.9.11/obj-x86_64-linux-gnu/CMakeFiles/CMakeTmp'



Parsed C implicit include dir info from above output: rv=done
  found start of include info
  found start of implicit include info
    add: [/usr/lib/gcc/x86_64-linux-gnu/10/include]
    add: [/usr/local/include]
    add: [/usr/include/x86_64-linux-gnu]
    add: [/usr/include]
  end of search list found
  collapse include dir [/usr/lib/gcc/x86_64-linux-gnu/10/include] ==> [/usr/lib/gcc/x86_64-linux-gnu/10/include]
  collapse include dir [/usr/local/include] ==> [/usr/local/include]
  collapse include dir [/usr/include/x86_64-linux-gnu] ==> [/usr/include/x86_64-linux-gnu]
  collapse include dir [/usr/include] ==> [/usr/include]
  implicit include dirs: [/usr/lib/gcc/x86_64-linux-gnu/10/include;/usr/local/include;/usr/include/x86_64-linux-gnu;/usr/include]


Parsed C implicit link information from above output:
  link line regex: [^( *|.*[/\])(ld|CMAKE_LINK_STARTFILE-NOTFOUND|([^/\]+-)?ld|collect2)[^/\]*( |$)]
  ignore line: [Change Dir: /home/kylin/ukui/ukui-dock/latte-dock-0.9.11/obj-x86_64-linux-gnu/CMakeFiles/CMakeTmp]
  ignore line: []
  ignore line: [Run Build Command(s):/usr/bin/gmake cmTC_a2383/fast && gmake[1]: Entering directory '/home/kylin/ukui/ukui-dock/latte-dock-0.9.11/obj-x86_64-linux-gnu/CMakeFiles/CMakeTmp']
  ignore line: [/usr/bin/gmake -f CMakeFiles/cmTC_a2383.dir/build.make CMakeFiles/cmTC_a2383.dir/build]
  ignore line: [gmake[2]: Entering directory '/home/kylin/ukui/ukui-dock/latte-dock-0.9.11/obj-x86_64-linux-gnu/CMakeFiles/CMakeTmp']
  ignore line: [Building C object CMakeFiles/cmTC_a2383.dir/CMakeCCompilerABI.c.o]
  ignore line: [/usr/bin/cc   -g -O2 -fdebug-prefix-map=/home/kylin/ukui/ukui-dock/latte-dock-0.9.11=. -fstack-protector-strong -Wformat -Werror=format-security -Wdate-time -D_FORTIFY_SOURCE=2    -v -o CMakeFiles/cmTC_a2383.dir/CMakeCCompilerABI.c.o   -c /usr/share/cmake-3.16/Modules/CMakeCCompilerABI.c]
  ignore line: [Using built-in specs.]
  ignore line: [COLLECT_GCC=/usr/bin/cc]
  ignore line: [OFFLOAD_TARGET_NAMES=nvptx-none:amdgcn-amdhsa:hsa]
  ignore line: [OFFLOAD_TARGET_DEFAULT=1]
  ignore line: [Target: x86_64-linux-gnu]
  ignore line: [Configured with: ../src/configure -v --with-pkgversion='Ubuntu 10.2.0-13ubuntu1' --with-bugurl=file:///usr/share/doc/gcc-10/README.Bugs --enable-languages=c ada c++ go brig d fortran objc obj-c++ m2 --prefix=/usr --with-gcc-major-version-only --program-suffix=-10 --program-prefix=x86_64-linux-gnu- --enable-shared --enable-linker-build-id --libexecdir=/usr/lib --without-included-gettext --enable-threads=posix --libdir=/usr/lib --enable-nls --enable-clocale=gnu --enable-libstdcxx-debug --enable-libstdcxx-time=yes --with-default-libstdcxx-abi=new --enable-gnu-unique-object --disable-vtable-verify --enable-plugin --enable-default-pie --with-system-zlib --enable-libphobos-checking=release --with-target-system-zlib=auto --enable-objc-gc=auto --enable-multiarch --disable-werror --with-arch-32=i686 --with-abi=m64 --with-multilib-list=m32 m64 mx32 --enable-multilib --with-tune=generic --enable-offload-targets=nvptx-none=/build/gcc-10-JvwpWM/gcc-10-10.2.0/debian/tmp-nvptx/usr amdgcn-amdhsa=/build/gcc-10-JvwpWM/gcc-10-10.2.0/debian/tmp-gcn/usr hsa --without-cuda-driver --enable-checking=release --build=x86_64-linux-gnu --host=x86_64-linux-gnu --target=x86_64-linux-gnu]
  ignore line: [Thread model: posix]
  ignore line: [Supported LTO compression algorithms: zlib zstd]
  ignore line: [gcc version 10.2.0 (Ubuntu 10.2.0-13ubuntu1) ]
  ignore line: [COLLECT_GCC_OPTIONS='-g' '-O2' '-fdebug-prefix-map=/home/kylin/ukui/ukui-dock/latte-dock-0.9.11=.' '-fstack-protector-strong' '-Wformat=1' '-Werror=format-security' '-Wdate-time' '-D' '_FORTIFY_SOURCE=2' '-v' '-o' 'CMakeFiles/cmTC_a2383.dir/CMakeCCompilerABI.c.o' '-c' '-mtune=generic' '-march=x86-64']
  ignore line: [ /usr/lib/gcc/x86_64-linux-gnu/10/cc1 -quiet -v -imultiarch x86_64-linux-gnu -D _FORTIFY_SOURCE=2 /usr/share/cmake-3.16/Modules/CMakeCCompilerABI.c -quiet -dumpbase CMakeCCompilerABI.c -mtune=generic -march=x86-64 -auxbase-strip CMakeFiles/cmTC_a2383.dir/CMakeCCompilerABI.c.o -g -O2 -Wformat=1 -Werror=format-security -Wdate-time -version -fdebug-prefix-map=/home/kylin/ukui/ukui-dock/latte-dock-0.9.11=. -fstack-protector-strong -fasynchronous-unwind-tables -fstack-protector-strong -Wformat -Wformat-security -fstack-clash-protection -fcf-protection -o /tmp/cc7LxquU.s]
  ignore line: [GNU C17 (Ubuntu 10.2.0-13ubuntu1) version 10.2.0 (x86_64-linux-gnu)]
  ignore line: [	compiled by GNU C version 10.2.0  GMP version 6.2.0  MPFR version 4.1.0  MPC version 1.2.0-rc1  isl version isl-0.22.1-GMP]
  ignore line: []
  ignore line: [GGC heuristics: --param ggc-min-expand=100 --param ggc-min-heapsize=131072]
  ignore line: [ignoring nonexistent directory "/usr/local/include/x86_64-linux-gnu"]
  ignore line: [ignoring nonexistent directory "/usr/lib/gcc/x86_64-linux-gnu/10/include-fixed"]
  ignore line: [ignoring nonexistent directory "/usr/lib/gcc/x86_64-linux-gnu/10/../../../../x86_64-linux-gnu/include"]
  ignore line: [#include "..." search starts here:]
  ignore line: [#include <...> search starts here:]
  ignore line: [ /usr/lib/gcc/x86_64-linux-gnu/10/include]
  ignore line: [ /usr/local/include]
  ignore line: [ /usr/include/x86_64-linux-gnu]
  ignore line: [ /usr/include]
  ignore line: [End of search list.]
  ignore line: [GNU C17 (Ubuntu 10.2.0-13ubuntu1) version 10.2.0 (x86_64-linux-gnu)]
  ignore line: [	compiled by GNU C version 10.2.0  GMP version 6.2.0  MPFR version 4.1.0  MPC version 1.2.0-rc1  isl version isl-0.22.1-GMP]
  ignore line: []
  ignore line: [GGC heuristics: --param ggc-min-expand=100 --param ggc-min-heapsize=131072]
  ignore line: [Compiler executable checksum: 4831429547eb0be4fec215fca56ed5cf]
  ignore line: [COLLECT_GCC_OPTIONS='-g' '-O2' '-fdebug-prefix-map=/home/kylin/ukui/ukui-dock/latte-dock-0.9.11=.' '-fstack-protector-strong' '-Wformat=1' '-Werror=format-security' '-Wdate-time' '-D' '_FORTIFY_SOURCE=2' '-v' '-o' 'CMakeFiles/cmTC_a2383.dir/CMakeCCompilerABI.c.o' '-c' '-mtune=generic' '-march=x86-64']
  ignore line: [ as -v --64 -o CMakeFiles/cmTC_a2383.dir/CMakeCCompilerABI.c.o /tmp/cc7LxquU.s]
  ignore line: [GNU assembler version 2.35.1 (x86_64-linux-gnu) using BFD version (GNU Binutils for Ubuntu) 2.35.1]
  ignore line: [COMPILER_PATH=/usr/lib/gcc/x86_64-linux-gnu/10/:/usr/lib/gcc/x86_64-linux-gnu/10/:/usr/lib/gcc/x86_64-linux-gnu/:/usr/lib/gcc/x86_64-linux-gnu/10/:/usr/lib/gcc/x86_64-linux-gnu/]
  ignore line: [LIBRARY_PATH=/usr/lib/gcc/x86_64-linux-gnu/10/:/usr/lib/gcc/x86_64-linux-gnu/10/../../../x86_64-linux-gnu/:/usr/lib/gcc/x86_64-linux-gnu/10/../../../../lib/:/lib/x86_64-linux-gnu/:/lib/../lib/:/usr/lib/x86_64-linux-gnu/:/usr/lib/../lib/:/usr/lib/gcc/x86_64-linux-gnu/10/../../../:/lib/:/usr/lib/]
  ignore line: [COLLECT_GCC_OPTIONS='-g' '-O2' '-fdebug-prefix-map=/home/kylin/ukui/ukui-dock/latte-dock-0.9.11=.' '-fstack-protector-strong' '-Wformat=1' '-Werror=format-security' '-Wdate-time' '-D' '_FORTIFY_SOURCE=2' '-v' '-o' 'CMakeFiles/cmTC_a2383.dir/CMakeCCompilerABI.c.o' '-c' '-mtune=generic' '-march=x86-64']
  ignore line: [Linking C executable cmTC_a2383]
  ignore line: [/usr/bin/cmake -E cmake_link_script CMakeFiles/cmTC_a2383.dir/link.txt --verbose=1]
  ignore line: [/usr/bin/cc -g -O2 -fdebug-prefix-map=/home/kylin/ukui/ukui-dock/latte-dock-0.9.11=. -fstack-protector-strong -Wformat -Werror=format-security -Wdate-time -D_FORTIFY_SOURCE=2   -Wl -Bsymbolic-functions -Wl -z relro -Wl -z now -v -rdynamic CMakeFiles/cmTC_a2383.dir/CMakeCCompilerABI.c.o  -o cmTC_a2383 ]
  ignore line: [Using built-in specs.]
  ignore line: [COLLECT_GCC=/usr/bin/cc]
  ignore line: [COLLECT_LTO_WRAPPER=/usr/lib/gcc/x86_64-linux-gnu/10/lto-wrapper]
  ignore line: [OFFLOAD_TARGET_NAMES=nvptx-none:amdgcn-amdhsa:hsa]
  ignore line: [OFFLOAD_TARGET_DEFAULT=1]
  ignore line: [Target: x86_64-linux-gnu]
  ignore line: [Configured with: ../src/configure -v --with-pkgversion='Ubuntu 10.2.0-13ubuntu1' --with-bugurl=file:///usr/share/doc/gcc-10/README.Bugs --enable-languages=c ada c++ go brig d fortran objc obj-c++ m2 --prefix=/usr --with-gcc-major-version-only --program-suffix=-10 --program-prefix=x86_64-linux-gnu- --enable-shared --enable-linker-build-id --libexecdir=/usr/lib --without-included-gettext --enable-threads=posix --libdir=/usr/lib --enable-nls --enable-clocale=gnu --enable-libstdcxx-debug --enable-libstdcxx-time=yes --with-default-libstdcxx-abi=new --enable-gnu-unique-object --disable-vtable-verify --enable-plugin --enable-default-pie --with-system-zlib --enable-libphobos-checking=release --with-target-system-zlib=auto --enable-objc-gc=auto --enable-multiarch --disable-werror --with-arch-32=i686 --with-abi=m64 --with-multilib-list=m32 m64 mx32 --enable-multilib --with-tune=generic --enable-offload-targets=nvptx-none=/build/gcc-10-JvwpWM/gcc-10-10.2.0/debian/tmp-nvptx/usr amdgcn-amdhsa=/build/gcc-10-JvwpWM/gcc-10-10.2.0/debian/tmp-gcn/usr hsa --without-cuda-driver --enable-checking=release --build=x86_64-linux-gnu --host=x86_64-linux-gnu --target=x86_64-linux-gnu]
  ignore line: [Thread model: posix]
  ignore line: [Supported LTO compression algorithms: zlib zstd]
  ignore line: [gcc version 10.2.0 (Ubuntu 10.2.0-13ubuntu1) ]
  ignore line: [COMPILER_PATH=/usr/lib/gcc/x86_64-linux-gnu/10/:/usr/lib/gcc/x86_64-linux-gnu/10/:/usr/lib/gcc/x86_64-linux-gnu/:/usr/lib/gcc/x86_64-linux-gnu/10/:/usr/lib/gcc/x86_64-linux-gnu/]
  ignore line: [LIBRARY_PATH=/usr/lib/gcc/x86_64-linux-gnu/10/:/usr/lib/gcc/x86_64-linux-gnu/10/../../../x86_64-linux-gnu/:/usr/lib/gcc/x86_64-linux-gnu/10/../../../../lib/:/lib/x86_64-linux-gnu/:/lib/../lib/:/usr/lib/x86_64-linux-gnu/:/usr/lib/../lib/:/usr/lib/gcc/x86_64-linux-gnu/10/../../../:/lib/:/usr/lib/]
  ignore line: [COLLECT_GCC_OPTIONS='-g' '-O2' '-fdebug-prefix-map=/home/kylin/ukui/ukui-dock/latte-dock-0.9.11=.' '-fstack-protector-strong' '-Wformat=1' '-Werror=format-security' '-Wdate-time' '-D' '_FORTIFY_SOURCE=2' '-v' '-rdynamic' '-o' 'cmTC_a2383' '-mtune=generic' '-march=x86-64']
  link line: [ /usr/lib/gcc/x86_64-linux-gnu/10/collect2 -plugin /usr/lib/gcc/x86_64-linux-gnu/10/liblto_plugin.so -plugin-opt=/usr/lib/gcc/x86_64-linux-gnu/10/lto-wrapper -plugin-opt=-fresolution=/tmp/ccPZLPrn.res -plugin-opt=-pass-through=-lgcc -plugin-opt=-pass-through=-lgcc_s -plugin-opt=-pass-through=-lc -plugin-opt=-pass-through=-lgcc -plugin-opt=-pass-through=-lgcc_s --build-id --eh-frame-hdr -m elf_x86_64 --hash-style=gnu --as-needed -export-dynamic -dynamic-linker /lib64/ld-linux-x86-64.so.2 -pie -z now -z relro -o cmTC_a2383 /usr/lib/gcc/x86_64-linux-gnu/10/../../../x86_64-linux-gnu/Scrt1.o /usr/lib/gcc/x86_64-linux-gnu/10/../../../x86_64-linux-gnu/crti.o /usr/lib/gcc/x86_64-linux-gnu/10/crtbeginS.o -L/usr/lib/gcc/x86_64-linux-gnu/10 -L/usr/lib/gcc/x86_64-linux-gnu/10/../../../x86_64-linux-gnu -L/usr/lib/gcc/x86_64-linux-gnu/10/../../../../lib -L/lib/x86_64-linux-gnu -L/lib/../lib -L/usr/lib/x86_64-linux-gnu -L/usr/lib/../lib -L/usr/lib/gcc/x86_64-linux-gnu/10/../../.. -Bsymbolic-functions -z relro -z now CMakeFiles/cmTC_a2383.dir/CMakeCCompilerABI.c.o -lgcc --push-state --as-needed -lgcc_s --pop-state -lc -lgcc --push-state --as-needed -lgcc_s --pop-state /usr/lib/gcc/x86_64-linux-gnu/10/crtendS.o /usr/lib/gcc/x86_64-linux-gnu/10/../../../x86_64-linux-gnu/crtn.o]
    arg [/usr/lib/gcc/x86_64-linux-gnu/10/collect2] ==> ignore
    arg [-plugin] ==> ignore
    arg [/usr/lib/gcc/x86_64-linux-gnu/10/liblto_plugin.so] ==> ignore
    arg [-plugin-opt=/usr/lib/gcc/x86_64-linux-gnu/10/lto-wrapper] ==> ignore
    arg [-plugin-opt=-fresolution=/tmp/ccPZLPrn.res] ==> ignore
    arg [-plugin-opt=-pass-through=-lgcc] ==> ignore
    arg [-plugin-opt=-pass-through=-lgcc_s] ==> ignore
    arg [-plugin-opt=-pass-through=-lc] ==> ignore
    arg [-plugin-opt=-pass-through=-lgcc] ==> ignore
    arg [-plugin-opt=-pass-through=-lgcc_s] ==> ignore
    arg [--build-id] ==> ignore
    arg [--eh-frame-hdr] ==> ignore
    arg [-m] ==> ignore
    arg [elf_x86_64] ==> ignore
    arg [--hash-style=gnu] ==> ignore
    arg [--as-needed] ==> ignore
    arg [-export-dynamic] ==> ignore
    arg [-dynamic-linker] ==> ignore
    arg [/lib64/ld-linux-x86-64.so.2] ==> ignore
    arg [-pie] ==> ignore
    arg [-znow] ==> ignore
    arg [-zrelro] ==> ignore
    arg [-o] ==> ignore
    arg [cmTC_a2383] ==> ignore
    arg [/usr/lib/gcc/x86_64-linux-gnu/10/../../../x86_64-linux-gnu/Scrt1.o] ==> ignore
    arg [/usr/lib/gcc/x86_64-linux-gnu/10/../../../x86_64-linux-gnu/crti.o] ==> ignore
    arg [/usr/lib/gcc/x86_64-linux-gnu/10/crtbeginS.o] ==> ignore
    arg [-L/usr/lib/gcc/x86_64-linux-gnu/10] ==> dir [/usr/lib/gcc/x86_64-linux-gnu/10]
    arg [-L/usr/lib/gcc/x86_64-linux-gnu/10/../../../x86_64-linux-gnu] ==> dir [/usr/lib/gcc/x86_64-linux-gnu/10/../../../x86_64-linux-gnu]
    arg [-L/usr/lib/gcc/x86_64-linux-gnu/10/../../../../lib] ==> dir [/usr/lib/gcc/x86_64-linux-gnu/10/../../../../lib]
    arg [-L/lib/x86_64-linux-gnu] ==> dir [/lib/x86_64-linux-gnu]
    arg [-L/lib/../lib] ==> dir [/lib/../lib]
    arg [-L/usr/lib/x86_64-linux-gnu] ==> dir [/usr/lib/x86_64-linux-gnu]
    arg [-L/usr/lib/../lib] ==> dir [/usr/lib/../lib]
    arg [-L/usr/lib/gcc/x86_64-linux-gnu/10/../../..] ==> dir [/usr/lib/gcc/x86_64-linux-gnu/10/../../..]
    arg [-Bsymbolic-functions] ==> ignore
    arg [-zrelro] ==> ignore
    arg [-znow] ==> ignore
    arg [CMakeFiles/cmTC_a2383.dir/CMakeCCompilerABI.c.o] ==> ignore
    arg [-lgcc] ==> lib [gcc]
    arg [--push-state] ==> ignore
    arg [--as-needed] ==> ignore
    arg [-lgcc_s] ==> lib [gcc_s]
    arg [--pop-state] ==> ignore
    arg [-lc] ==> lib [c]
    arg [-lgcc] ==> lib [gcc]
    arg [--push-state] ==> ignore
    arg [--as-needed] ==> ignore
    arg [-lgcc_s] ==> lib [gcc_s]
    arg [--pop-state] ==> ignore
    arg [/usr/lib/gcc/x86_64-linux-gnu/10/crtendS.o] ==> ignore
    arg [/usr/lib/gcc/x86_64-linux-gnu/10/../../../x86_64-linux-gnu/crtn.o] ==> ignore
  collapse library dir [/usr/lib/gcc/x86_64-linux-gnu/10] ==> [/usr/lib/gcc/x86_64-linux-gnu/10]
  collapse library dir [/usr/lib/gcc/x86_64-linux-gnu/10/../../../x86_64-linux-gnu] ==> [/usr/lib/x86_64-linux-gnu]
  collapse library dir [/usr/lib/gcc/x86_64-linux-gnu/10/../../../../lib] ==> [/usr/lib]
  collapse library dir [/lib/x86_64-linux-gnu] ==> [/lib/x86_64-linux-gnu]
  collapse library dir [/lib/../lib] ==> [/lib]
  collapse library dir [/usr/lib/x86_64-linux-gnu] ==> [/usr/lib/x86_64-linux-gnu]
  collapse library dir [/usr/lib/../lib] ==> [/usr/lib]
  collapse library dir [/usr/lib/gcc/x86_64-linux-gnu/10/../../..] ==> [/usr/lib]
  implicit libs: [gcc;gcc_s;c;gcc;gcc_s]
  implicit dirs: [/usr/lib/gcc/x86_64-linux-gnu/10;/usr/lib/x86_64-linux-gnu;/usr/lib;/lib/x86_64-linux-gnu;/lib]
  implicit fwks: []


Determining if the CXX compiler works passed with the following output:
Change Dir: /home/kylin/ukui/ukui-dock/latte-dock-0.9.11/obj-x86_64-linux-gnu/CMakeFiles/CMakeTmp

Run Build Command(s):/usr/bin/gmake cmTC_ba916/fast && gmake[1]: 进入目录“/home/kylin/ukui/ukui-dock/latte-dock-0.9.11/obj-x86_64-linux-gnu/CMakeFiles/CMakeTmp”
/usr/bin/gmake -f CMakeFiles/cmTC_ba916.dir/build.make CMakeFiles/cmTC_ba916.dir/build
gmake[2]: 进入目录“/home/kylin/ukui/ukui-dock/latte-dock-0.9.11/obj-x86_64-linux-gnu/CMakeFiles/CMakeTmp”
Building CXX object CMakeFiles/cmTC_ba916.dir/testCXXCompiler.cxx.o
/usr/bin/c++    -g -O2 -fdebug-prefix-map=/home/kylin/ukui/ukui-dock/latte-dock-0.9.11=. -fstack-protector-strong -Wformat -Werror=format-security -Wdate-time -D_FORTIFY_SOURCE=2    -o CMakeFiles/cmTC_ba916.dir/testCXXCompiler.cxx.o -c /home/kylin/ukui/ukui-dock/latte-dock-0.9.11/obj-x86_64-linux-gnu/CMakeFiles/CMakeTmp/testCXXCompiler.cxx
Linking CXX executable cmTC_ba916
/usr/bin/cmake -E cmake_link_script CMakeFiles/cmTC_ba916.dir/link.txt --verbose=1
/usr/bin/c++  -g -O2 -fdebug-prefix-map=/home/kylin/ukui/ukui-dock/latte-dock-0.9.11=. -fstack-protector-strong -Wformat -Werror=format-security -Wdate-time -D_FORTIFY_SOURCE=2   -Wl,-Bsymbolic-functions -Wl,-z,relro -Wl,-z,now  -rdynamic CMakeFiles/cmTC_ba916.dir/testCXXCompiler.cxx.o  -o cmTC_ba916 
gmake[2]: 离开目录“/home/kylin/ukui/ukui-dock/latte-dock-0.9.11/obj-x86_64-linux-gnu/CMakeFiles/CMakeTmp”
gmake[1]: 离开目录“/home/kylin/ukui/ukui-dock/latte-dock-0.9.11/obj-x86_64-linux-gnu/CMakeFiles/CMakeTmp”



Detecting CXX compiler ABI info compiled with the following output:
Change Dir: /home/kylin/ukui/ukui-dock/latte-dock-0.9.11/obj-x86_64-linux-gnu/CMakeFiles/CMakeTmp

Run Build Command(s):/usr/bin/gmake cmTC_dd033/fast && gmake[1]: Entering directory '/home/kylin/ukui/ukui-dock/latte-dock-0.9.11/obj-x86_64-linux-gnu/CMakeFiles/CMakeTmp'
/usr/bin/gmake -f CMakeFiles/cmTC_dd033.dir/build.make CMakeFiles/cmTC_dd033.dir/build
gmake[2]: Entering directory '/home/kylin/ukui/ukui-dock/latte-dock-0.9.11/obj-x86_64-linux-gnu/CMakeFiles/CMakeTmp'
Building CXX object CMakeFiles/cmTC_dd033.dir/CMakeCXXCompilerABI.cpp.o
/usr/bin/c++    -g -O2 -fdebug-prefix-map=/home/kylin/ukui/ukui-dock/latte-dock-0.9.11=. -fstack-protector-strong -Wformat -Werror=format-security -Wdate-time -D_FORTIFY_SOURCE=2    -v -o CMakeFiles/cmTC_dd033.dir/CMakeCXXCompilerABI.cpp.o -c /usr/share/cmake-3.16/Modules/CMakeCXXCompilerABI.cpp
Using built-in specs.
COLLECT_GCC=/usr/bin/c++
OFFLOAD_TARGET_NAMES=nvptx-none:amdgcn-amdhsa:hsa
OFFLOAD_TARGET_DEFAULT=1
Target: x86_64-linux-gnu
Configured with: ../src/configure -v --with-pkgversion='Ubuntu 10.2.0-13ubuntu1' --with-bugurl=file:///usr/share/doc/gcc-10/README.Bugs --enable-languages=c,ada,c++,go,brig,d,fortran,objc,obj-c++,m2 --prefix=/usr --with-gcc-major-version-only --program-suffix=-10 --program-prefix=x86_64-linux-gnu- --enable-shared --enable-linker-build-id --libexecdir=/usr/lib --without-included-gettext --enable-threads=posix --libdir=/usr/lib --enable-nls --enable-clocale=gnu --enable-libstdcxx-debug --enable-libstdcxx-time=yes --with-default-libstdcxx-abi=new --enable-gnu-unique-object --disable-vtable-verify --enable-plugin --enable-default-pie --with-system-zlib --enable-libphobos-checking=release --with-target-system-zlib=auto --enable-objc-gc=auto --enable-multiarch --disable-werror --with-arch-32=i686 --with-abi=m64 --with-multilib-list=m32,m64,mx32 --enable-multilib --with-tune=generic --enable-offload-targets=nvptx-none=/build/gcc-10-JvwpWM/gcc-10-10.2.0/debian/tmp-nvptx/usr,amdgcn-amdhsa=/build/gcc-10-JvwpWM/gcc-10-10.2.0/debian/tmp-gcn/usr,hsa --without-cuda-driver --enable-checking=release --build=x86_64-linux-gnu --host=x86_64-linux-gnu --target=x86_64-linux-gnu
Thread model: posix
Supported LTO compression algorithms: zlib zstd
gcc version 10.2.0 (Ubuntu 10.2.0-13ubuntu1) 
COLLECT_GCC_OPTIONS='-g' '-O2' '-fdebug-prefix-map=/home/kylin/ukui/ukui-dock/latte-dock-0.9.11=.' '-fstack-protector-strong' '-Wformat=1' '-Werror=format-security' '-Wdate-time' '-D' '_FORTIFY_SOURCE=2' '-v' '-o' 'CMakeFiles/cmTC_dd033.dir/CMakeCXXCompilerABI.cpp.o' '-c' '-shared-libgcc' '-mtune=generic' '-march=x86-64'
 /usr/lib/gcc/x86_64-linux-gnu/10/cc1plus -quiet -v -imultiarch x86_64-linux-gnu -D_GNU_SOURCE -D _FORTIFY_SOURCE=2 /usr/share/cmake-3.16/Modules/CMakeCXXCompilerABI.cpp -quiet -dumpbase CMakeCXXCompilerABI.cpp -mtune=generic -march=x86-64 -auxbase-strip CMakeFiles/cmTC_dd033.dir/CMakeCXXCompilerABI.cpp.o -g -O2 -Wformat=1 -Werror=format-security -Wdate-time -version -fdebug-prefix-map=/home/kylin/ukui/ukui-dock/latte-dock-0.9.11=. -fstack-protector-strong -fasynchronous-unwind-tables -fstack-protector-strong -Wformat -Wformat-security -fstack-clash-protection -fcf-protection -o /tmp/ccFhkksR.s
GNU C++14 (Ubuntu 10.2.0-13ubuntu1) version 10.2.0 (x86_64-linux-gnu)
	compiled by GNU C version 10.2.0, GMP version 6.2.0, MPFR version 4.1.0, MPC version 1.2.0-rc1, isl version isl-0.22.1-GMP

GGC heuristics: --param ggc-min-expand=100 --param ggc-min-heapsize=131072
ignoring duplicate directory "/usr/include/x86_64-linux-gnu/c++/10"
ignoring nonexistent directory "/usr/local/include/x86_64-linux-gnu"
ignoring nonexistent directory "/usr/lib/gcc/x86_64-linux-gnu/10/include-fixed"
ignoring nonexistent directory "/usr/lib/gcc/x86_64-linux-gnu/10/../../../../x86_64-linux-gnu/include"
#include "..." search starts here:
#include <...> search starts here:
 /usr/include/c++/10
 /usr/include/x86_64-linux-gnu/c++/10
 /usr/include/c++/10/backward
 /usr/lib/gcc/x86_64-linux-gnu/10/include
 /usr/local/include
 /usr/include/x86_64-linux-gnu
 /usr/include
End of search list.
GNU C++14 (Ubuntu 10.2.0-13ubuntu1) version 10.2.0 (x86_64-linux-gnu)
	compiled by GNU C version 10.2.0, GMP version 6.2.0, MPFR version 4.1.0, MPC version 1.2.0-rc1, isl version isl-0.22.1-GMP

GGC heuristics: --param ggc-min-expand=100 --param ggc-min-heapsize=131072
Compiler executable checksum: 03b7724711b38d57ea81b200378486a1
COLLECT_GCC_OPTIONS='-g' '-O2' '-fdebug-prefix-map=/home/kylin/ukui/ukui-dock/latte-dock-0.9.11=.' '-fstack-protector-strong' '-Wformat=1' '-Werror=format-security' '-Wdate-time' '-D' '_FORTIFY_SOURCE=2' '-v' '-o' 'CMakeFiles/cmTC_dd033.dir/CMakeCXXCompilerABI.cpp.o' '-c' '-shared-libgcc' '-mtune=generic' '-march=x86-64'
 as -v --64 -o CMakeFiles/cmTC_dd033.dir/CMakeCXXCompilerABI.cpp.o /tmp/ccFhkksR.s
GNU assembler version 2.35.1 (x86_64-linux-gnu) using BFD version (GNU Binutils for Ubuntu) 2.35.1
COMPILER_PATH=/usr/lib/gcc/x86_64-linux-gnu/10/:/usr/lib/gcc/x86_64-linux-gnu/10/:/usr/lib/gcc/x86_64-linux-gnu/:/usr/lib/gcc/x86_64-linux-gnu/10/:/usr/lib/gcc/x86_64-linux-gnu/
LIBRARY_PATH=/usr/lib/gcc/x86_64-linux-gnu/10/:/usr/lib/gcc/x86_64-linux-gnu/10/../../../x86_64-linux-gnu/:/usr/lib/gcc/x86_64-linux-gnu/10/../../../../lib/:/lib/x86_64-linux-gnu/:/lib/../lib/:/usr/lib/x86_64-linux-gnu/:/usr/lib/../lib/:/usr/lib/gcc/x86_64-linux-gnu/10/../../../:/lib/:/usr/lib/
COLLECT_GCC_OPTIONS='-g' '-O2' '-fdebug-prefix-map=/home/kylin/ukui/ukui-dock/latte-dock-0.9.11=.' '-fstack-protector-strong' '-Wformat=1' '-Werror=format-security' '-Wdate-time' '-D' '_FORTIFY_SOURCE=2' '-v' '-o' 'CMakeFiles/cmTC_dd033.dir/CMakeCXXCompilerABI.cpp.o' '-c' '-shared-libgcc' '-mtune=generic' '-march=x86-64'
Linking CXX executable cmTC_dd033
/usr/bin/cmake -E cmake_link_script CMakeFiles/cmTC_dd033.dir/link.txt --verbose=1
/usr/bin/c++  -g -O2 -fdebug-prefix-map=/home/kylin/ukui/ukui-dock/latte-dock-0.9.11=. -fstack-protector-strong -Wformat -Werror=format-security -Wdate-time -D_FORTIFY_SOURCE=2   -Wl,-Bsymbolic-functions -Wl,-z,relro -Wl,-z,now -v -rdynamic CMakeFiles/cmTC_dd033.dir/CMakeCXXCompilerABI.cpp.o  -o cmTC_dd033 
Using built-in specs.
COLLECT_GCC=/usr/bin/c++
COLLECT_LTO_WRAPPER=/usr/lib/gcc/x86_64-linux-gnu/10/lto-wrapper
OFFLOAD_TARGET_NAMES=nvptx-none:amdgcn-amdhsa:hsa
OFFLOAD_TARGET_DEFAULT=1
Target: x86_64-linux-gnu
Configured with: ../src/configure -v --with-pkgversion='Ubuntu 10.2.0-13ubuntu1' --with-bugurl=file:///usr/share/doc/gcc-10/README.Bugs --enable-languages=c,ada,c++,go,brig,d,fortran,objc,obj-c++,m2 --prefix=/usr --with-gcc-major-version-only --program-suffix=-10 --program-prefix=x86_64-linux-gnu- --enable-shared --enable-linker-build-id --libexecdir=/usr/lib --without-included-gettext --enable-threads=posix --libdir=/usr/lib --enable-nls --enable-clocale=gnu --enable-libstdcxx-debug --enable-libstdcxx-time=yes --with-default-libstdcxx-abi=new --enable-gnu-unique-object --disable-vtable-verify --enable-plugin --enable-default-pie --with-system-zlib --enable-libphobos-checking=release --with-target-system-zlib=auto --enable-objc-gc=auto --enable-multiarch --disable-werror --with-arch-32=i686 --with-abi=m64 --with-multilib-list=m32,m64,mx32 --enable-multilib --with-tune=generic --enable-offload-targets=nvptx-none=/build/gcc-10-JvwpWM/gcc-10-10.2.0/debian/tmp-nvptx/usr,amdgcn-amdhsa=/build/gcc-10-JvwpWM/gcc-10-10.2.0/debian/tmp-gcn/usr,hsa --without-cuda-driver --enable-checking=release --build=x86_64-linux-gnu --host=x86_64-linux-gnu --target=x86_64-linux-gnu
Thread model: posix
Supported LTO compression algorithms: zlib zstd
gcc version 10.2.0 (Ubuntu 10.2.0-13ubuntu1) 
COMPILER_PATH=/usr/lib/gcc/x86_64-linux-gnu/10/:/usr/lib/gcc/x86_64-linux-gnu/10/:/usr/lib/gcc/x86_64-linux-gnu/:/usr/lib/gcc/x86_64-linux-gnu/10/:/usr/lib/gcc/x86_64-linux-gnu/
LIBRARY_PATH=/usr/lib/gcc/x86_64-linux-gnu/10/:/usr/lib/gcc/x86_64-linux-gnu/10/../../../x86_64-linux-gnu/:/usr/lib/gcc/x86_64-linux-gnu/10/../../../../lib/:/lib/x86_64-linux-gnu/:/lib/../lib/:/usr/lib/x86_64-linux-gnu/:/usr/lib/../lib/:/usr/lib/gcc/x86_64-linux-gnu/10/../../../:/lib/:/usr/lib/
COLLECT_GCC_OPTIONS='-g' '-O2' '-fdebug-prefix-map=/home/kylin/ukui/ukui-dock/latte-dock-0.9.11=.' '-fstack-protector-strong' '-Wformat=1' '-Werror=format-security' '-Wdate-time' '-D' '_FORTIFY_SOURCE=2' '-v' '-rdynamic' '-o' 'cmTC_dd033' '-shared-libgcc' '-mtune=generic' '-march=x86-64'
 /usr/lib/gcc/x86_64-linux-gnu/10/collect2 -plugin /usr/lib/gcc/x86_64-linux-gnu/10/liblto_plugin.so -plugin-opt=/usr/lib/gcc/x86_64-linux-gnu/10/lto-wrapper -plugin-opt=-fresolution=/tmp/ccEWCOni.res -plugin-opt=-pass-through=-lgcc_s -plugin-opt=-pass-through=-lgcc -plugin-opt=-pass-through=-lc -plugin-opt=-pass-through=-lgcc_s -plugin-opt=-pass-through=-lgcc --build-id --eh-frame-hdr -m elf_x86_64 --hash-style=gnu --as-needed -export-dynamic -dynamic-linker /lib64/ld-linux-x86-64.so.2 -pie -z now -z relro -o cmTC_dd033 /usr/lib/gcc/x86_64-linux-gnu/10/../../../x86_64-linux-gnu/Scrt1.o /usr/lib/gcc/x86_64-linux-gnu/10/../../../x86_64-linux-gnu/crti.o /usr/lib/gcc/x86_64-linux-gnu/10/crtbeginS.o -L/usr/lib/gcc/x86_64-linux-gnu/10 -L/usr/lib/gcc/x86_64-linux-gnu/10/../../../x86_64-linux-gnu -L/usr/lib/gcc/x86_64-linux-gnu/10/../../../../lib -L/lib/x86_64-linux-gnu -L/lib/../lib -L/usr/lib/x86_64-linux-gnu -L/usr/lib/../lib -L/usr/lib/gcc/x86_64-linux-gnu/10/../../.. -Bsymbolic-functions -z relro -z now CMakeFiles/cmTC_dd033.dir/CMakeCXXCompilerABI.cpp.o -lstdc++ -lm -lgcc_s -lgcc -lc -lgcc_s -lgcc /usr/lib/gcc/x86_64-linux-gnu/10/crtendS.o /usr/lib/gcc/x86_64-linux-gnu/10/../../../x86_64-linux-gnu/crtn.o
COLLECT_GCC_OPTIONS='-g' '-O2' '-fdebug-prefix-map=/home/kylin/ukui/ukui-dock/latte-dock-0.9.11=.' '-fstack-protector-strong' '-Wformat=1' '-Werror=format-security' '-Wdate-time' '-D' '_FORTIFY_SOURCE=2' '-v' '-rdynamic' '-o' 'cmTC_dd033' '-shared-libgcc' '-mtune=generic' '-march=x86-64'
gmake[2]: Leaving directory '/home/kylin/ukui/ukui-dock/latte-dock-0.9.11/obj-x86_64-linux-gnu/CMakeFiles/CMakeTmp'
gmake[1]: Leaving directory '/home/kylin/ukui/ukui-dock/latte-dock-0.9.11/obj-x86_64-linux-gnu/CMakeFiles/CMakeTmp'



Parsed CXX implicit include dir info from above output: rv=done
  found start of include info
  found start of implicit include info
    add: [/usr/include/c++/10]
    add: [/usr/include/x86_64-linux-gnu/c++/10]
    add: [/usr/include/c++/10/backward]
    add: [/usr/lib/gcc/x86_64-linux-gnu/10/include]
    add: [/usr/local/include]
    add: [/usr/include/x86_64-linux-gnu]
    add: [/usr/include]
  end of search list found
  collapse include dir [/usr/include/c++/10] ==> [/usr/include/c++/10]
  collapse include dir [/usr/include/x86_64-linux-gnu/c++/10] ==> [/usr/include/x86_64-linux-gnu/c++/10]
  collapse include dir [/usr/include/c++/10/backward] ==> [/usr/include/c++/10/backward]
  collapse include dir [/usr/lib/gcc/x86_64-linux-gnu/10/include] ==> [/usr/lib/gcc/x86_64-linux-gnu/10/include]
  collapse include dir [/usr/local/include] ==> [/usr/local/include]
  collapse include dir [/usr/include/x86_64-linux-gnu] ==> [/usr/include/x86_64-linux-gnu]
  collapse include dir [/usr/include] ==> [/usr/include]
  implicit include dirs: [/usr/include/c++/10;/usr/include/x86_64-linux-gnu/c++/10;/usr/include/c++/10/backward;/usr/lib/gcc/x86_64-linux-gnu/10/include;/usr/local/include;/usr/include/x86_64-linux-gnu;/usr/include]


Parsed CXX implicit link information from above output:
  link line regex: [^( *|.*[/\])(ld|CMAKE_LINK_STARTFILE-NOTFOUND|([^/\]+-)?ld|collect2)[^/\]*( |$)]
  ignore line: [Change Dir: /home/kylin/ukui/ukui-dock/latte-dock-0.9.11/obj-x86_64-linux-gnu/CMakeFiles/CMakeTmp]
  ignore line: []
  ignore line: [Run Build Command(s):/usr/bin/gmake cmTC_dd033/fast && gmake[1]: Entering directory '/home/kylin/ukui/ukui-dock/latte-dock-0.9.11/obj-x86_64-linux-gnu/CMakeFiles/CMakeTmp']
  ignore line: [/usr/bin/gmake -f CMakeFiles/cmTC_dd033.dir/build.make CMakeFiles/cmTC_dd033.dir/build]
  ignore line: [gmake[2]: Entering directory '/home/kylin/ukui/ukui-dock/latte-dock-0.9.11/obj-x86_64-linux-gnu/CMakeFiles/CMakeTmp']
  ignore line: [Building CXX object CMakeFiles/cmTC_dd033.dir/CMakeCXXCompilerABI.cpp.o]
  ignore line: [/usr/bin/c++    -g -O2 -fdebug-prefix-map=/home/kylin/ukui/ukui-dock/latte-dock-0.9.11=. -fstack-protector-strong -Wformat -Werror=format-security -Wdate-time -D_FORTIFY_SOURCE=2    -v -o CMakeFiles/cmTC_dd033.dir/CMakeCXXCompilerABI.cpp.o -c /usr/share/cmake-3.16/Modules/CMakeCXXCompilerABI.cpp]
  ignore line: [Using built-in specs.]
  ignore line: [COLLECT_GCC=/usr/bin/c++]
  ignore line: [OFFLOAD_TARGET_NAMES=nvptx-none:amdgcn-amdhsa:hsa]
  ignore line: [OFFLOAD_TARGET_DEFAULT=1]
  ignore line: [Target: x86_64-linux-gnu]
  ignore line: [Configured with: ../src/configure -v --with-pkgversion='Ubuntu 10.2.0-13ubuntu1' --with-bugurl=file:///usr/share/doc/gcc-10/README.Bugs --enable-languages=c ada c++ go brig d fortran objc obj-c++ m2 --prefix=/usr --with-gcc-major-version-only --program-suffix=-10 --program-prefix=x86_64-linux-gnu- --enable-shared --enable-linker-build-id --libexecdir=/usr/lib --without-included-gettext --enable-threads=posix --libdir=/usr/lib --enable-nls --enable-clocale=gnu --enable-libstdcxx-debug --enable-libstdcxx-time=yes --with-default-libstdcxx-abi=new --enable-gnu-unique-object --disable-vtable-verify --enable-plugin --enable-default-pie --with-system-zlib --enable-libphobos-checking=release --with-target-system-zlib=auto --enable-objc-gc=auto --enable-multiarch --disable-werror --with-arch-32=i686 --with-abi=m64 --with-multilib-list=m32 m64 mx32 --enable-multilib --with-tune=generic --enable-offload-targets=nvptx-none=/build/gcc-10-JvwpWM/gcc-10-10.2.0/debian/tmp-nvptx/usr amdgcn-amdhsa=/build/gcc-10-JvwpWM/gcc-10-10.2.0/debian/tmp-gcn/usr hsa --without-cuda-driver --enable-checking=release --build=x86_64-linux-gnu --host=x86_64-linux-gnu --target=x86_64-linux-gnu]
  ignore line: [Thread model: posix]
  ignore line: [Supported LTO compression algorithms: zlib zstd]
  ignore line: [gcc version 10.2.0 (Ubuntu 10.2.0-13ubuntu1) ]
  ignore line: [COLLECT_GCC_OPTIONS='-g' '-O2' '-fdebug-prefix-map=/home/kylin/ukui/ukui-dock/latte-dock-0.9.11=.' '-fstack-protector-strong' '-Wformat=1' '-Werror=format-security' '-Wdate-time' '-D' '_FORTIFY_SOURCE=2' '-v' '-o' 'CMakeFiles/cmTC_dd033.dir/CMakeCXXCompilerABI.cpp.o' '-c' '-shared-libgcc' '-mtune=generic' '-march=x86-64']
  ignore line: [ /usr/lib/gcc/x86_64-linux-gnu/10/cc1plus -quiet -v -imultiarch x86_64-linux-gnu -D_GNU_SOURCE -D _FORTIFY_SOURCE=2 /usr/share/cmake-3.16/Modules/CMakeCXXCompilerABI.cpp -quiet -dumpbase CMakeCXXCompilerABI.cpp -mtune=generic -march=x86-64 -auxbase-strip CMakeFiles/cmTC_dd033.dir/CMakeCXXCompilerABI.cpp.o -g -O2 -Wformat=1 -Werror=format-security -Wdate-time -version -fdebug-prefix-map=/home/kylin/ukui/ukui-dock/latte-dock-0.9.11=. -fstack-protector-strong -fasynchronous-unwind-tables -fstack-protector-strong -Wformat -Wformat-security -fstack-clash-protection -fcf-protection -o /tmp/ccFhkksR.s]
  ignore line: [GNU C++14 (Ubuntu 10.2.0-13ubuntu1) version 10.2.0 (x86_64-linux-gnu)]
  ignore line: [	compiled by GNU C version 10.2.0  GMP version 6.2.0  MPFR version 4.1.0  MPC version 1.2.0-rc1  isl version isl-0.22.1-GMP]
  ignore line: []
  ignore line: [GGC heuristics: --param ggc-min-expand=100 --param ggc-min-heapsize=131072]
  ignore line: [ignoring duplicate directory "/usr/include/x86_64-linux-gnu/c++/10"]
  ignore line: [ignoring nonexistent directory "/usr/local/include/x86_64-linux-gnu"]
  ignore line: [ignoring nonexistent directory "/usr/lib/gcc/x86_64-linux-gnu/10/include-fixed"]
  ignore line: [ignoring nonexistent directory "/usr/lib/gcc/x86_64-linux-gnu/10/../../../../x86_64-linux-gnu/include"]
  ignore line: [#include "..." search starts here:]
  ignore line: [#include <...> search starts here:]
  ignore line: [ /usr/include/c++/10]
  ignore line: [ /usr/include/x86_64-linux-gnu/c++/10]
  ignore line: [ /usr/include/c++/10/backward]
  ignore line: [ /usr/lib/gcc/x86_64-linux-gnu/10/include]
  ignore line: [ /usr/local/include]
  ignore line: [ /usr/include/x86_64-linux-gnu]
  ignore line: [ /usr/include]
  ignore line: [End of search list.]
  ignore line: [GNU C++14 (Ubuntu 10.2.0-13ubuntu1) version 10.2.0 (x86_64-linux-gnu)]
  ignore line: [	compiled by GNU C version 10.2.0  GMP version 6.2.0  MPFR version 4.1.0  MPC version 1.2.0-rc1  isl version isl-0.22.1-GMP]
  ignore line: []
  ignore line: [GGC heuristics: --param ggc-min-expand=100 --param ggc-min-heapsize=131072]
  ignore line: [Compiler executable checksum: 03b7724711b38d57ea81b200378486a1]
  ignore line: [COLLECT_GCC_OPTIONS='-g' '-O2' '-fdebug-prefix-map=/home/kylin/ukui/ukui-dock/latte-dock-0.9.11=.' '-fstack-protector-strong' '-Wformat=1' '-Werror=format-security' '-Wdate-time' '-D' '_FORTIFY_SOURCE=2' '-v' '-o' 'CMakeFiles/cmTC_dd033.dir/CMakeCXXCompilerABI.cpp.o' '-c' '-shared-libgcc' '-mtune=generic' '-march=x86-64']
  ignore line: [ as -v --64 -o CMakeFiles/cmTC_dd033.dir/CMakeCXXCompilerABI.cpp.o /tmp/ccFhkksR.s]
  ignore line: [GNU assembler version 2.35.1 (x86_64-linux-gnu) using BFD version (GNU Binutils for Ubuntu) 2.35.1]
  ignore line: [COMPILER_PATH=/usr/lib/gcc/x86_64-linux-gnu/10/:/usr/lib/gcc/x86_64-linux-gnu/10/:/usr/lib/gcc/x86_64-linux-gnu/:/usr/lib/gcc/x86_64-linux-gnu/10/:/usr/lib/gcc/x86_64-linux-gnu/]
  ignore line: [LIBRARY_PATH=/usr/lib/gcc/x86_64-linux-gnu/10/:/usr/lib/gcc/x86_64-linux-gnu/10/../../../x86_64-linux-gnu/:/usr/lib/gcc/x86_64-linux-gnu/10/../../../../lib/:/lib/x86_64-linux-gnu/:/lib/../lib/:/usr/lib/x86_64-linux-gnu/:/usr/lib/../lib/:/usr/lib/gcc/x86_64-linux-gnu/10/../../../:/lib/:/usr/lib/]
  ignore line: [COLLECT_GCC_OPTIONS='-g' '-O2' '-fdebug-prefix-map=/home/kylin/ukui/ukui-dock/latte-dock-0.9.11=.' '-fstack-protector-strong' '-Wformat=1' '-Werror=format-security' '-Wdate-time' '-D' '_FORTIFY_SOURCE=2' '-v' '-o' 'CMakeFiles/cmTC_dd033.dir/CMakeCXXCompilerABI.cpp.o' '-c' '-shared-libgcc' '-mtune=generic' '-march=x86-64']
  ignore line: [Linking CXX executable cmTC_dd033]
  ignore line: [/usr/bin/cmake -E cmake_link_script CMakeFiles/cmTC_dd033.dir/link.txt --verbose=1]
  ignore line: [/usr/bin/c++  -g -O2 -fdebug-prefix-map=/home/kylin/ukui/ukui-dock/latte-dock-0.9.11=. -fstack-protector-strong -Wformat -Werror=format-security -Wdate-time -D_FORTIFY_SOURCE=2   -Wl -Bsymbolic-functions -Wl -z relro -Wl -z now -v -rdynamic CMakeFiles/cmTC_dd033.dir/CMakeCXXCompilerABI.cpp.o  -o cmTC_dd033 ]
  ignore line: [Using built-in specs.]
  ignore line: [COLLECT_GCC=/usr/bin/c++]
  ignore line: [COLLECT_LTO_WRAPPER=/usr/lib/gcc/x86_64-linux-gnu/10/lto-wrapper]
  ignore line: [OFFLOAD_TARGET_NAMES=nvptx-none:amdgcn-amdhsa:hsa]
  ignore line: [OFFLOAD_TARGET_DEFAULT=1]
  ignore line: [Target: x86_64-linux-gnu]
  ignore line: [Configured with: ../src/configure -v --with-pkgversion='Ubuntu 10.2.0-13ubuntu1' --with-bugurl=file:///usr/share/doc/gcc-10/README.Bugs --enable-languages=c ada c++ go brig d fortran objc obj-c++ m2 --prefix=/usr --with-gcc-major-version-only --program-suffix=-10 --program-prefix=x86_64-linux-gnu- --enable-shared --enable-linker-build-id --libexecdir=/usr/lib --without-included-gettext --enable-threads=posix --libdir=/usr/lib --enable-nls --enable-clocale=gnu --enable-libstdcxx-debug --enable-libstdcxx-time=yes --with-default-libstdcxx-abi=new --enable-gnu-unique-object --disable-vtable-verify --enable-plugin --enable-default-pie --with-system-zlib --enable-libphobos-checking=release --with-target-system-zlib=auto --enable-objc-gc=auto --enable-multiarch --disable-werror --with-arch-32=i686 --with-abi=m64 --with-multilib-list=m32 m64 mx32 --enable-multilib --with-tune=generic --enable-offload-targets=nvptx-none=/build/gcc-10-JvwpWM/gcc-10-10.2.0/debian/tmp-nvptx/usr amdgcn-amdhsa=/build/gcc-10-JvwpWM/gcc-10-10.2.0/debian/tmp-gcn/usr hsa --without-cuda-driver --enable-checking=release --build=x86_64-linux-gnu --host=x86_64-linux-gnu --target=x86_64-linux-gnu]
  ignore line: [Thread model: posix]
  ignore line: [Supported LTO compression algorithms: zlib zstd]
  ignore line: [gcc version 10.2.0 (Ubuntu 10.2.0-13ubuntu1) ]
  ignore line: [COMPILER_PATH=/usr/lib/gcc/x86_64-linux-gnu/10/:/usr/lib/gcc/x86_64-linux-gnu/10/:/usr/lib/gcc/x86_64-linux-gnu/:/usr/lib/gcc/x86_64-linux-gnu/10/:/usr/lib/gcc/x86_64-linux-gnu/]
  ignore line: [LIBRARY_PATH=/usr/lib/gcc/x86_64-linux-gnu/10/:/usr/lib/gcc/x86_64-linux-gnu/10/../../../x86_64-linux-gnu/:/usr/lib/gcc/x86_64-linux-gnu/10/../../../../lib/:/lib/x86_64-linux-gnu/:/lib/../lib/:/usr/lib/x86_64-linux-gnu/:/usr/lib/../lib/:/usr/lib/gcc/x86_64-linux-gnu/10/../../../:/lib/:/usr/lib/]
  ignore line: [COLLECT_GCC_OPTIONS='-g' '-O2' '-fdebug-prefix-map=/home/kylin/ukui/ukui-dock/latte-dock-0.9.11=.' '-fstack-protector-strong' '-Wformat=1' '-Werror=format-security' '-Wdate-time' '-D' '_FORTIFY_SOURCE=2' '-v' '-rdynamic' '-o' 'cmTC_dd033' '-shared-libgcc' '-mtune=generic' '-march=x86-64']
  link line: [ /usr/lib/gcc/x86_64-linux-gnu/10/collect2 -plugin /usr/lib/gcc/x86_64-linux-gnu/10/liblto_plugin.so -plugin-opt=/usr/lib/gcc/x86_64-linux-gnu/10/lto-wrapper -plugin-opt=-fresolution=/tmp/ccEWCOni.res -plugin-opt=-pass-through=-lgcc_s -plugin-opt=-pass-through=-lgcc -plugin-opt=-pass-through=-lc -plugin-opt=-pass-through=-lgcc_s -plugin-opt=-pass-through=-lgcc --build-id --eh-frame-hdr -m elf_x86_64 --hash-style=gnu --as-needed -export-dynamic -dynamic-linker /lib64/ld-linux-x86-64.so.2 -pie -z now -z relro -o cmTC_dd033 /usr/lib/gcc/x86_64-linux-gnu/10/../../../x86_64-linux-gnu/Scrt1.o /usr/lib/gcc/x86_64-linux-gnu/10/../../../x86_64-linux-gnu/crti.o /usr/lib/gcc/x86_64-linux-gnu/10/crtbeginS.o -L/usr/lib/gcc/x86_64-linux-gnu/10 -L/usr/lib/gcc/x86_64-linux-gnu/10/../../../x86_64-linux-gnu -L/usr/lib/gcc/x86_64-linux-gnu/10/../../../../lib -L/lib/x86_64-linux-gnu -L/lib/../lib -L/usr/lib/x86_64-linux-gnu -L/usr/lib/../lib -L/usr/lib/gcc/x86_64-linux-gnu/10/../../.. -Bsymbolic-functions -z relro -z now CMakeFiles/cmTC_dd033.dir/CMakeCXXCompilerABI.cpp.o -lstdc++ -lm -lgcc_s -lgcc -lc -lgcc_s -lgcc /usr/lib/gcc/x86_64-linux-gnu/10/crtendS.o /usr/lib/gcc/x86_64-linux-gnu/10/../../../x86_64-linux-gnu/crtn.o]
    arg [/usr/lib/gcc/x86_64-linux-gnu/10/collect2] ==> ignore
    arg [-plugin] ==> ignore
    arg [/usr/lib/gcc/x86_64-linux-gnu/10/liblto_plugin.so] ==> ignore
    arg [-plugin-opt=/usr/lib/gcc/x86_64-linux-gnu/10/lto-wrapper] ==> ignore
    arg [-plugin-opt=-fresolution=/tmp/ccEWCOni.res] ==> ignore
    arg [-plugin-opt=-pass-through=-lgcc_s] ==> ignore
    arg [-plugin-opt=-pass-through=-lgcc] ==> ignore
    arg [-plugin-opt=-pass-through=-lc] ==> ignore
    arg [-plugin-opt=-pass-through=-lgcc_s] ==> ignore
    arg [-plugin-opt=-pass-through=-lgcc] ==> ignore
    arg [--build-id] ==> ignore
    arg [--eh-frame-hdr] ==> ignore
    arg [-m] ==> ignore
    arg [elf_x86_64] ==> ignore
    arg [--hash-style=gnu] ==> ignore
    arg [--as-needed] ==> ignore
    arg [-export-dynamic] ==> ignore
    arg [-dynamic-linker] ==> ignore
    arg [/lib64/ld-linux-x86-64.so.2] ==> ignore
    arg [-pie] ==> ignore
    arg [-znow] ==> ignore
    arg [-zrelro] ==> ignore
    arg [-o] ==> ignore
    arg [cmTC_dd033] ==> ignore
    arg [/usr/lib/gcc/x86_64-linux-gnu/10/../../../x86_64-linux-gnu/Scrt1.o] ==> ignore
    arg [/usr/lib/gcc/x86_64-linux-gnu/10/../../../x86_64-linux-gnu/crti.o] ==> ignore
    arg [/usr/lib/gcc/x86_64-linux-gnu/10/crtbeginS.o] ==> ignore
    arg [-L/usr/lib/gcc/x86_64-linux-gnu/10] ==> dir [/usr/lib/gcc/x86_64-linux-gnu/10]
    arg [-L/usr/lib/gcc/x86_64-linux-gnu/10/../../../x86_64-linux-gnu] ==> dir [/usr/lib/gcc/x86_64-linux-gnu/10/../../../x86_64-linux-gnu]
    arg [-L/usr/lib/gcc/x86_64-linux-gnu/10/../../../../lib] ==> dir [/usr/lib/gcc/x86_64-linux-gnu/10/../../../../lib]
    arg [-L/lib/x86_64-linux-gnu] ==> dir [/lib/x86_64-linux-gnu]
    arg [-L/lib/../lib] ==> dir [/lib/../lib]
    arg [-L/usr/lib/x86_64-linux-gnu] ==> dir [/usr/lib/x86_64-linux-gnu]
    arg [-L/usr/lib/../lib] ==> dir [/usr/lib/../lib]
    arg [-L/usr/lib/gcc/x86_64-linux-gnu/10/../../..] ==> dir [/usr/lib/gcc/x86_64-linux-gnu/10/../../..]
    arg [-Bsymbolic-functions] ==> ignore
    arg [-zrelro] ==> ignore
    arg [-znow] ==> ignore
    arg [CMakeFiles/cmTC_dd033.dir/CMakeCXXCompilerABI.cpp.o] ==> ignore
    arg [-lstdc++] ==> lib [stdc++]
    arg [-lm] ==> lib [m]
    arg [-lgcc_s] ==> lib [gcc_s]
    arg [-lgcc] ==> lib [gcc]
    arg [-lc] ==> lib [c]
    arg [-lgcc_s] ==> lib [gcc_s]
    arg [-lgcc] ==> lib [gcc]
    arg [/usr/lib/gcc/x86_64-linux-gnu/10/crtendS.o] ==> ignore
    arg [/usr/lib/gcc/x86_64-linux-gnu/10/../../../x86_64-linux-gnu/crtn.o] ==> ignore
  collapse library dir [/usr/lib/gcc/x86_64-linux-gnu/10] ==> [/usr/lib/gcc/x86_64-linux-gnu/10]
  collapse library dir [/usr/lib/gcc/x86_64-linux-gnu/10/../../../x86_64-linux-gnu] ==> [/usr/lib/x86_64-linux-gnu]
  collapse library dir [/usr/lib/gcc/x86_64-linux-gnu/10/../../../../lib] ==> [/usr/lib]
  collapse library dir [/lib/x86_64-linux-gnu] ==> [/lib/x86_64-linux-gnu]
  collapse library dir [/lib/../lib] ==> [/lib]
  collapse library dir [/usr/lib/x86_64-linux-gnu] ==> [/usr/lib/x86_64-linux-gnu]
  collapse library dir [/usr/lib/../lib] ==> [/usr/lib]
  collapse library dir [/usr/lib/gcc/x86_64-linux-gnu/10/../../..] ==> [/usr/lib]
  implicit libs: [stdc++;m;gcc_s;gcc;c;gcc_s;gcc]
  implicit dirs: [/usr/lib/gcc/x86_64-linux-gnu/10;/usr/lib/x86_64-linux-gnu;/usr/lib;/lib/x86_64-linux-gnu;/lib]
  implicit fwks: []


Determining if the function XOpenDisplay exists in the /usr/lib/x86_64-linux-gnu/libX11.so;/usr/lib/x86_64-linux-gnu/libXext.so passed with the following output:
Change Dir: /home/kylin/ukui/ukui-dock/latte-dock-0.9.11/obj-x86_64-linux-gnu/CMakeFiles/CMakeTmp

Run Build Command(s):/usr/bin/gmake cmTC_f378a/fast && gmake[1]: 进入目录“/home/kylin/ukui/ukui-dock/latte-dock-0.9.11/obj-x86_64-linux-gnu/CMakeFiles/CMakeTmp”
/usr/bin/gmake -f CMakeFiles/cmTC_f378a.dir/build.make CMakeFiles/cmTC_f378a.dir/build
gmake[2]: 进入目录“/home/kylin/ukui/ukui-dock/latte-dock-0.9.11/obj-x86_64-linux-gnu/CMakeFiles/CMakeTmp”
Building C object CMakeFiles/cmTC_f378a.dir/CheckFunctionExists.c.o
/usr/bin/cc   -g -O2 -fdebug-prefix-map=/home/kylin/ukui/ukui-dock/latte-dock-0.9.11=. -fstack-protector-strong -Wformat -Werror=format-security -Wdate-time -D_FORTIFY_SOURCE=2 -DCHECK_FUNCTION_EXISTS=XOpenDisplay   -o CMakeFiles/cmTC_f378a.dir/CheckFunctionExists.c.o   -c /usr/share/cmake-3.16/Modules/CheckFunctionExists.c
Linking C executable cmTC_f378a
/usr/bin/cmake -E cmake_link_script CMakeFiles/cmTC_f378a.dir/link.txt --verbose=1
/usr/bin/cc -g -O2 -fdebug-prefix-map=/home/kylin/ukui/ukui-dock/latte-dock-0.9.11=. -fstack-protector-strong -Wformat -Werror=format-security -Wdate-time -D_FORTIFY_SOURCE=2 -DCHECK_FUNCTION_EXISTS=XOpenDisplay  -Wl,-Bsymbolic-functions -Wl,-z,relro -Wl,-z,now  -rdynamic CMakeFiles/cmTC_f378a.dir/CheckFunctionExists.c.o  -o cmTC_f378a  /usr/lib/x86_64-linux-gnu/libX11.so /usr/lib/x86_64-linux-gnu/libXext.so 
gmake[2]: 离开目录“/home/kylin/ukui/ukui-dock/latte-dock-0.9.11/obj-x86_64-linux-gnu/CMakeFiles/CMakeTmp”
gmake[1]: 离开目录“/home/kylin/ukui/ukui-dock/latte-dock-0.9.11/obj-x86_64-linux-gnu/CMakeFiles/CMakeTmp”



Determining if the function gethostbyname exists passed with the following output:
Change Dir: /home/kylin/ukui/ukui-dock/latte-dock-0.9.11/obj-x86_64-linux-gnu/CMakeFiles/CMakeTmp

Run Build Command(s):/usr/bin/gmake cmTC_77d20/fast && gmake[1]: 进入目录“/home/kylin/ukui/ukui-dock/latte-dock-0.9.11/obj-x86_64-linux-gnu/CMakeFiles/CMakeTmp”
/usr/bin/gmake -f CMakeFiles/cmTC_77d20.dir/build.make CMakeFiles/cmTC_77d20.dir/build
gmake[2]: 进入目录“/home/kylin/ukui/ukui-dock/latte-dock-0.9.11/obj-x86_64-linux-gnu/CMakeFiles/CMakeTmp”
Building C object CMakeFiles/cmTC_77d20.dir/CheckFunctionExists.c.o
/usr/bin/cc   -g -O2 -fdebug-prefix-map=/home/kylin/ukui/ukui-dock/latte-dock-0.9.11=. -fstack-protector-strong -Wformat -Werror=format-security -Wdate-time -D_FORTIFY_SOURCE=2 -DCHECK_FUNCTION_EXISTS=gethostbyname   -o CMakeFiles/cmTC_77d20.dir/CheckFunctionExists.c.o   -c /usr/share/cmake-3.16/Modules/CheckFunctionExists.c
Linking C executable cmTC_77d20
/usr/bin/cmake -E cmake_link_script CMakeFiles/cmTC_77d20.dir/link.txt --verbose=1
/usr/bin/cc -g -O2 -fdebug-prefix-map=/home/kylin/ukui/ukui-dock/latte-dock-0.9.11=. -fstack-protector-strong -Wformat -Werror=format-security -Wdate-time -D_FORTIFY_SOURCE=2 -DCHECK_FUNCTION_EXISTS=gethostbyname  -Wl,-Bsymbolic-functions -Wl,-z,relro -Wl,-z,now  -rdynamic CMakeFiles/cmTC_77d20.dir/CheckFunctionExists.c.o  -o cmTC_77d20 
gmake[2]: 离开目录“/home/kylin/ukui/ukui-dock/latte-dock-0.9.11/obj-x86_64-linux-gnu/CMakeFiles/CMakeTmp”
gmake[1]: 离开目录“/home/kylin/ukui/ukui-dock/latte-dock-0.9.11/obj-x86_64-linux-gnu/CMakeFiles/CMakeTmp”



Determining if the function connect exists passed with the following output:
Change Dir: /home/kylin/ukui/ukui-dock/latte-dock-0.9.11/obj-x86_64-linux-gnu/CMakeFiles/CMakeTmp

Run Build Command(s):/usr/bin/gmake cmTC_9ca90/fast && gmake[1]: 进入目录“/home/kylin/ukui/ukui-dock/latte-dock-0.9.11/obj-x86_64-linux-gnu/CMakeFiles/CMakeTmp”
/usr/bin/gmake -f CMakeFiles/cmTC_9ca90.dir/build.make CMakeFiles/cmTC_9ca90.dir/build
gmake[2]: 进入目录“/home/kylin/ukui/ukui-dock/latte-dock-0.9.11/obj-x86_64-linux-gnu/CMakeFiles/CMakeTmp”
Building C object CMakeFiles/cmTC_9ca90.dir/CheckFunctionExists.c.o
/usr/bin/cc   -g -O2 -fdebug-prefix-map=/home/kylin/ukui/ukui-dock/latte-dock-0.9.11=. -fstack-protector-strong -Wformat -Werror=format-security -Wdate-time -D_FORTIFY_SOURCE=2 -DCHECK_FUNCTION_EXISTS=connect   -o CMakeFiles/cmTC_9ca90.dir/CheckFunctionExists.c.o   -c /usr/share/cmake-3.16/Modules/CheckFunctionExists.c
Linking C executable cmTC_9ca90
/usr/bin/cmake -E cmake_link_script CMakeFiles/cmTC_9ca90.dir/link.txt --verbose=1
/usr/bin/cc -g -O2 -fdebug-prefix-map=/home/kylin/ukui/ukui-dock/latte-dock-0.9.11=. -fstack-protector-strong -Wformat -Werror=format-security -Wdate-time -D_FORTIFY_SOURCE=2 -DCHECK_FUNCTION_EXISTS=connect  -Wl,-Bsymbolic-functions -Wl,-z,relro -Wl,-z,now  -rdynamic CMakeFiles/cmTC_9ca90.dir/CheckFunctionExists.c.o  -o cmTC_9ca90 
gmake[2]: 离开目录“/home/kylin/ukui/ukui-dock/latte-dock-0.9.11/obj-x86_64-linux-gnu/CMakeFiles/CMakeTmp”
gmake[1]: 离开目录“/home/kylin/ukui/ukui-dock/latte-dock-0.9.11/obj-x86_64-linux-gnu/CMakeFiles/CMakeTmp”



Determining if the function remove exists passed with the following output:
Change Dir: /home/kylin/ukui/ukui-dock/latte-dock-0.9.11/obj-x86_64-linux-gnu/CMakeFiles/CMakeTmp

Run Build Command(s):/usr/bin/gmake cmTC_02b05/fast && gmake[1]: 进入目录“/home/kylin/ukui/ukui-dock/latte-dock-0.9.11/obj-x86_64-linux-gnu/CMakeFiles/CMakeTmp”
/usr/bin/gmake -f CMakeFiles/cmTC_02b05.dir/build.make CMakeFiles/cmTC_02b05.dir/build
gmake[2]: 进入目录“/home/kylin/ukui/ukui-dock/latte-dock-0.9.11/obj-x86_64-linux-gnu/CMakeFiles/CMakeTmp”
Building C object CMakeFiles/cmTC_02b05.dir/CheckFunctionExists.c.o
/usr/bin/cc   -g -O2 -fdebug-prefix-map=/home/kylin/ukui/ukui-dock/latte-dock-0.9.11=. -fstack-protector-strong -Wformat -Werror=format-security -Wdate-time -D_FORTIFY_SOURCE=2 -DCHECK_FUNCTION_EXISTS=remove   -o CMakeFiles/cmTC_02b05.dir/CheckFunctionExists.c.o   -c /usr/share/cmake-3.16/Modules/CheckFunctionExists.c
Linking C executable cmTC_02b05
/usr/bin/cmake -E cmake_link_script CMakeFiles/cmTC_02b05.dir/link.txt --verbose=1
/usr/bin/cc -g -O2 -fdebug-prefix-map=/home/kylin/ukui/ukui-dock/latte-dock-0.9.11=. -fstack-protector-strong -Wformat -Werror=format-security -Wdate-time -D_FORTIFY_SOURCE=2 -DCHECK_FUNCTION_EXISTS=remove  -Wl,-Bsymbolic-functions -Wl,-z,relro -Wl,-z,now  -rdynamic CMakeFiles/cmTC_02b05.dir/CheckFunctionExists.c.o  -o cmTC_02b05 
gmake[2]: 离开目录“/home/kylin/ukui/ukui-dock/latte-dock-0.9.11/obj-x86_64-linux-gnu/CMakeFiles/CMakeTmp”
gmake[1]: 离开目录“/home/kylin/ukui/ukui-dock/latte-dock-0.9.11/obj-x86_64-linux-gnu/CMakeFiles/CMakeTmp”



Determining if the function shmat exists passed with the following output:
Change Dir: /home/kylin/ukui/ukui-dock/latte-dock-0.9.11/obj-x86_64-linux-gnu/CMakeFiles/CMakeTmp

Run Build Command(s):/usr/bin/gmake cmTC_6a3f3/fast && gmake[1]: 进入目录“/home/kylin/ukui/ukui-dock/latte-dock-0.9.11/obj-x86_64-linux-gnu/CMakeFiles/CMakeTmp”
/usr/bin/gmake -f CMakeFiles/cmTC_6a3f3.dir/build.make CMakeFiles/cmTC_6a3f3.dir/build
gmake[2]: 进入目录“/home/kylin/ukui/ukui-dock/latte-dock-0.9.11/obj-x86_64-linux-gnu/CMakeFiles/CMakeTmp”
Building C object CMakeFiles/cmTC_6a3f3.dir/CheckFunctionExists.c.o
/usr/bin/cc   -g -O2 -fdebug-prefix-map=/home/kylin/ukui/ukui-dock/latte-dock-0.9.11=. -fstack-protector-strong -Wformat -Werror=format-security -Wdate-time -D_FORTIFY_SOURCE=2 -DCHECK_FUNCTION_EXISTS=shmat   -o CMakeFiles/cmTC_6a3f3.dir/CheckFunctionExists.c.o   -c /usr/share/cmake-3.16/Modules/CheckFunctionExists.c
Linking C executable cmTC_6a3f3
/usr/bin/cmake -E cmake_link_script CMakeFiles/cmTC_6a3f3.dir/link.txt --verbose=1
/usr/bin/cc -g -O2 -fdebug-prefix-map=/home/kylin/ukui/ukui-dock/latte-dock-0.9.11=. -fstack-protector-strong -Wformat -Werror=format-security -Wdate-time -D_FORTIFY_SOURCE=2 -DCHECK_FUNCTION_EXISTS=shmat  -Wl,-Bsymbolic-functions -Wl,-z,relro -Wl,-z,now  -rdynamic CMakeFiles/cmTC_6a3f3.dir/CheckFunctionExists.c.o  -o cmTC_6a3f3 
gmake[2]: 离开目录“/home/kylin/ukui/ukui-dock/latte-dock-0.9.11/obj-x86_64-linux-gnu/CMakeFiles/CMakeTmp”
gmake[1]: 离开目录“/home/kylin/ukui/ukui-dock/latte-dock-0.9.11/obj-x86_64-linux-gnu/CMakeFiles/CMakeTmp”



Determining if the function IceConnectionNumber exists in the ICE passed with the following output:
Change Dir: /home/kylin/ukui/ukui-dock/latte-dock-0.9.11/obj-x86_64-linux-gnu/CMakeFiles/CMakeTmp

Run Build Command(s):/usr/bin/gmake cmTC_f741e/fast && gmake[1]: 进入目录“/home/kylin/ukui/ukui-dock/latte-dock-0.9.11/obj-x86_64-linux-gnu/CMakeFiles/CMakeTmp”
/usr/bin/gmake -f CMakeFiles/cmTC_f741e.dir/build.make CMakeFiles/cmTC_f741e.dir/build
gmake[2]: 进入目录“/home/kylin/ukui/ukui-dock/latte-dock-0.9.11/obj-x86_64-linux-gnu/CMakeFiles/CMakeTmp”
Building C object CMakeFiles/cmTC_f741e.dir/CheckFunctionExists.c.o
/usr/bin/cc   -g -O2 -fdebug-prefix-map=/home/kylin/ukui/ukui-dock/latte-dock-0.9.11=. -fstack-protector-strong -Wformat -Werror=format-security -Wdate-time -D_FORTIFY_SOURCE=2 -DCHECK_FUNCTION_EXISTS=IceConnectionNumber   -o CMakeFiles/cmTC_f741e.dir/CheckFunctionExists.c.o   -c /usr/share/cmake-3.16/Modules/CheckFunctionExists.c
Linking C executable cmTC_f741e
/usr/bin/cmake -E cmake_link_script CMakeFiles/cmTC_f741e.dir/link.txt --verbose=1
/usr/bin/cc -g -O2 -fdebug-prefix-map=/home/kylin/ukui/ukui-dock/latte-dock-0.9.11=. -fstack-protector-strong -Wformat -Werror=format-security -Wdate-time -D_FORTIFY_SOURCE=2 -DCHECK_FUNCTION_EXISTS=IceConnectionNumber  -Wl,-Bsymbolic-functions -Wl,-z,relro -Wl,-z,now  -rdynamic CMakeFiles/cmTC_f741e.dir/CheckFunctionExists.c.o  -o cmTC_f741e  -lICE 
gmake[2]: 离开目录“/home/kylin/ukui/ukui-dock/latte-dock-0.9.11/obj-x86_64-linux-gnu/CMakeFiles/CMakeTmp”
gmake[1]: 离开目录“/home/kylin/ukui/ukui-dock/latte-dock-0.9.11/obj-x86_64-linux-gnu/CMakeFiles/CMakeTmp”



Determining if the __GLIBC__ exist passed with the following output:
Change Dir: /home/kylin/ukui/ukui-dock/latte-dock-0.9.11/obj-x86_64-linux-gnu/CMakeFiles/CMakeTmp

Run Build Command(s):/usr/bin/gmake cmTC_95324/fast && gmake[1]: 进入目录“/home/kylin/ukui/ukui-dock/latte-dock-0.9.11/obj-x86_64-linux-gnu/CMakeFiles/CMakeTmp”
/usr/bin/gmake -f CMakeFiles/cmTC_95324.dir/build.make CMakeFiles/cmTC_95324.dir/build
gmake[2]: 进入目录“/home/kylin/ukui/ukui-dock/latte-dock-0.9.11/obj-x86_64-linux-gnu/CMakeFiles/CMakeTmp”
Building C object CMakeFiles/cmTC_95324.dir/CheckSymbolExists.c.o
/usr/bin/cc   -g -O2 -fdebug-prefix-map=/home/kylin/ukui/ukui-dock/latte-dock-0.9.11=. -fstack-protector-strong -Wformat -Werror=format-security -Wdate-time -D_FORTIFY_SOURCE=2    -o CMakeFiles/cmTC_95324.dir/CheckSymbolExists.c.o   -c /home/kylin/ukui/ukui-dock/latte-dock-0.9.11/obj-x86_64-linux-gnu/CMakeFiles/CMakeTmp/CheckSymbolExists.c
Linking C executable cmTC_95324
/usr/bin/cmake -E cmake_link_script CMakeFiles/cmTC_95324.dir/link.txt --verbose=1
/usr/bin/cc -g -O2 -fdebug-prefix-map=/home/kylin/ukui/ukui-dock/latte-dock-0.9.11=. -fstack-protector-strong -Wformat -Werror=format-security -Wdate-time -D_FORTIFY_SOURCE=2   -Wl,-Bsymbolic-functions -Wl,-z,relro -Wl,-z,now  -rdynamic CMakeFiles/cmTC_95324.dir/CheckSymbolExists.c.o  -o cmTC_95324 
gmake[2]: 离开目录“/home/kylin/ukui/ukui-dock/latte-dock-0.9.11/obj-x86_64-linux-gnu/CMakeFiles/CMakeTmp”
gmake[1]: 离开目录“/home/kylin/ukui/ukui-dock/latte-dock-0.9.11/obj-x86_64-linux-gnu/CMakeFiles/CMakeTmp”


File /home/kylin/ukui/ukui-dock/latte-dock-0.9.11/obj-x86_64-linux-gnu/CMakeFiles/CMakeTmp/CheckSymbolExists.c:
/* */
#include <stdlib.h>

int main(int argc, char** argv)
{
  (void)argv;
#ifndef __GLIBC__
  return ((int*)(&__GLIBC__))[argc];
#else
  (void)argc;
  return 0;
#endif
}
Performing C++ SOURCE FILE Test _OFFT_IS_64BIT succeeded with the following output:
Change Dir: /home/kylin/ukui/ukui-dock/latte-dock-0.9.11/obj-x86_64-linux-gnu/CMakeFiles/CMakeTmp

Run Build Command(s):/usr/bin/gmake cmTC_dd159/fast && gmake[1]: 进入目录“/home/kylin/ukui/ukui-dock/latte-dock-0.9.11/obj-x86_64-linux-gnu/CMakeFiles/CMakeTmp”
/usr/bin/gmake -f CMakeFiles/cmTC_dd159.dir/build.make CMakeFiles/cmTC_dd159.dir/build
gmake[2]: 进入目录“/home/kylin/ukui/ukui-dock/latte-dock-0.9.11/obj-x86_64-linux-gnu/CMakeFiles/CMakeTmp”
Building CXX object CMakeFiles/cmTC_dd159.dir/src.cxx.o
/usr/bin/c++  -D_GNU_SOURCE -D_LARGEFILE64_SOURCE  -g -O2 -fdebug-prefix-map=/home/kylin/ukui/ukui-dock/latte-dock-0.9.11=. -fstack-protector-strong -Wformat -Werror=format-security -Wdate-time -D_FORTIFY_SOURCE=2 -D_OFFT_IS_64BIT   -o CMakeFiles/cmTC_dd159.dir/src.cxx.o -c /home/kylin/ukui/ukui-dock/latte-dock-0.9.11/obj-x86_64-linux-gnu/CMakeFiles/CMakeTmp/src.cxx
Linking CXX executable cmTC_dd159
/usr/bin/cmake -E cmake_link_script CMakeFiles/cmTC_dd159.dir/link.txt --verbose=1
/usr/bin/c++  -g -O2 -fdebug-prefix-map=/home/kylin/ukui/ukui-dock/latte-dock-0.9.11=. -fstack-protector-strong -Wformat -Werror=format-security -Wdate-time -D_FORTIFY_SOURCE=2 -D_OFFT_IS_64BIT  -Wl,-Bsymbolic-functions -Wl,-z,relro -Wl,-z,now  -rdynamic CMakeFiles/cmTC_dd159.dir/src.cxx.o  -o cmTC_dd159 
gmake[2]: 离开目录“/home/kylin/ukui/ukui-dock/latte-dock-0.9.11/obj-x86_64-linux-gnu/CMakeFiles/CMakeTmp”
gmake[1]: 离开目录“/home/kylin/ukui/ukui-dock/latte-dock-0.9.11/obj-x86_64-linux-gnu/CMakeFiles/CMakeTmp”


Source file was:

#include <sys/types.h>
 /* Check that off_t can represent 2**63 - 1 correctly.
    We can't simply define LARGE_OFF_T to be 9223372036854775807,
    since some C++ compilers masquerading as C compilers
    incorrectly reject 9223372036854775807.  */
#define LARGE_OFF_T (((off_t) 1 << 62) - 1 + ((off_t) 1 << 62))
  int off_t_is_large[(LARGE_OFF_T % 2147483629 == 721 && LARGE_OFF_T % 2147483647 == 1) ? 1 : -1];
  int main() { return 0; }

Performing C++ SOURCE FILE Test HAVE_DATE_TIME succeeded with the following output:
Change Dir: /home/kylin/ukui/ukui-dock/latte-dock-0.9.11/obj-x86_64-linux-gnu/CMakeFiles/CMakeTmp

Run Build Command(s):/usr/bin/gmake cmTC_7b35b/fast && gmake[1]: Entering directory '/home/kylin/ukui/ukui-dock/latte-dock-0.9.11/obj-x86_64-linux-gnu/CMakeFiles/CMakeTmp'
/usr/bin/gmake -f CMakeFiles/cmTC_7b35b.dir/build.make CMakeFiles/cmTC_7b35b.dir/build
gmake[2]: Entering directory '/home/kylin/ukui/ukui-dock/latte-dock-0.9.11/obj-x86_64-linux-gnu/CMakeFiles/CMakeTmp'
Building CXX object CMakeFiles/cmTC_7b35b.dir/src.cxx.o
/usr/bin/c++    -g -O2 -fdebug-prefix-map=/home/kylin/ukui/ukui-dock/latte-dock-0.9.11=. -fstack-protector-strong -Wformat -Werror=format-security -Wdate-time -D_FORTIFY_SOURCE=2 -fno-operator-names -fno-exceptions -Wall -Wextra -Wcast-align -Wchar-subscripts -Wformat-security -Wno-long-long -Wpointer-arith -Wundef -Wnon-virtual-dtor -Woverloaded-virtual -Werror=return-type -Wvla -DHAVE_DATE_TIME   -Wdate-time -o CMakeFiles/cmTC_7b35b.dir/src.cxx.o -c /home/kylin/ukui/ukui-dock/latte-dock-0.9.11/obj-x86_64-linux-gnu/CMakeFiles/CMakeTmp/src.cxx
Linking CXX executable cmTC_7b35b
/usr/bin/cmake -E cmake_link_script CMakeFiles/cmTC_7b35b.dir/link.txt --verbose=1
/usr/bin/c++  -g -O2 -fdebug-prefix-map=/home/kylin/ukui/ukui-dock/latte-dock-0.9.11=. -fstack-protector-strong -Wformat -Werror=format-security -Wdate-time -D_FORTIFY_SOURCE=2 -fno-operator-names -fno-exceptions -Wall -Wextra -Wcast-align -Wchar-subscripts -Wformat-security -Wno-long-long -Wpointer-arith -Wundef -Wnon-virtual-dtor -Woverloaded-virtual -Werror=return-type -Wvla -DHAVE_DATE_TIME  -Wl,-Bsymbolic-functions -Wl,-z,relro -Wl,-z,now  -rdynamic CMakeFiles/cmTC_7b35b.dir/src.cxx.o  -o cmTC_7b35b 
gmake[2]: Leaving directory '/home/kylin/ukui/ukui-dock/latte-dock-0.9.11/obj-x86_64-linux-gnu/CMakeFiles/CMakeTmp'
gmake[1]: Leaving directory '/home/kylin/ukui/ukui-dock/latte-dock-0.9.11/obj-x86_64-linux-gnu/CMakeFiles/CMakeTmp'


Source file was:
int main() { return 0; }
